[2022-01-28 19:11:29,755] {taskinstance.py:1032} INFO - Dependencies all met for <TaskInstance: data_ingestion_gcs_dag.format_to_parquet_task manual__2022-01-28T19:09:02.329839+00:00 [queued]>
[2022-01-28 19:11:29,807] {taskinstance.py:1032} INFO - Dependencies all met for <TaskInstance: data_ingestion_gcs_dag.format_to_parquet_task manual__2022-01-28T19:09:02.329839+00:00 [queued]>
[2022-01-28 19:11:29,809] {taskinstance.py:1238} INFO - 
--------------------------------------------------------------------------------
[2022-01-28 19:11:29,811] {taskinstance.py:1239} INFO - Starting attempt 1 of 2
[2022-01-28 19:11:29,812] {taskinstance.py:1240} INFO - 
--------------------------------------------------------------------------------
[2022-01-28 19:11:29,882] {taskinstance.py:1259} INFO - Executing <Task(PythonOperator): format_to_parquet_task> on 2022-01-28 19:09:02.329839+00:00
[2022-01-28 19:11:29,905] {standard_task_runner.py:52} INFO - Started process 413 to run task
[2022-01-28 19:11:29,932] {standard_task_runner.py:76} INFO - Running: ['***', 'tasks', 'run', 'data_ingestion_gcs_dag', 'format_to_parquet_task', 'manual__2022-01-28T19:09:02.329839+00:00', '--job-id', '27', '--raw', '--subdir', 'DAGS_FOLDER/data_ingestion_gcs_dag.py', '--cfg-path', '/tmp/tmpber61uh7', '--error-file', '/tmp/tmpqibepm7g']
[2022-01-28 19:11:29,937] {standard_task_runner.py:77} INFO - Job 27: Subtask format_to_parquet_task
[2022-01-28 19:11:30,147] {logging_mixin.py:109} INFO - Running <TaskInstance: data_ingestion_gcs_dag.format_to_parquet_task manual__2022-01-28T19:09:02.329839+00:00 [running]> on host 0a3230fb4177
[2022-01-28 19:11:30,431] {taskinstance.py:1426} INFO - Exporting the following env vars:
AIRFLOW_CTX_DAG_OWNER=***
AIRFLOW_CTX_DAG_ID=data_ingestion_gcs_dag
AIRFLOW_CTX_TASK_ID=format_to_parquet_task
AIRFLOW_CTX_EXECUTION_DATE=2022-01-28T19:09:02.329839+00:00
AIRFLOW_CTX_DAG_RUN_ID=manual__2022-01-28T19:09:02.329839+00:00
[2022-01-28 19:11:39,224] {python.py:175} INFO - Done. Returned value was: None
[2022-01-28 19:11:39,311] {taskinstance.py:1277} INFO - Marking task as SUCCESS. dag_id=data_ingestion_gcs_dag, task_id=format_to_parquet_task, execution_date=20220128T190902, start_date=20220128T191129, end_date=20220128T191139
[2022-01-28 19:11:39,891] {local_task_job.py:154} INFO - Task exited with return code 0
[2022-01-28 19:11:40,056] {local_task_job.py:264} INFO - 1 downstream tasks scheduled from follow-on schedule check
