[2022-01-31 17:28:46,549] {taskinstance.py:1032} INFO - Dependencies all met for <TaskInstance: data_ingestion_fhv_data.download_dataset_task scheduled__2019-01-01T00:00:00+00:00 [queued]>
[2022-01-31 17:28:46,986] {taskinstance.py:1032} INFO - Dependencies all met for <TaskInstance: data_ingestion_fhv_data.download_dataset_task scheduled__2019-01-01T00:00:00+00:00 [queued]>
[2022-01-31 17:28:47,004] {taskinstance.py:1238} INFO - 
--------------------------------------------------------------------------------
[2022-01-31 17:28:47,014] {taskinstance.py:1239} INFO - Starting attempt 1 of 2
[2022-01-31 17:28:47,017] {taskinstance.py:1240} INFO - 
--------------------------------------------------------------------------------
[2022-01-31 17:28:47,352] {taskinstance.py:1259} INFO - Executing <Task(BashOperator): download_dataset_task> on 2019-01-01 00:00:00+00:00
[2022-01-31 17:28:47,462] {standard_task_runner.py:52} INFO - Started process 428 to run task
[2022-01-31 17:28:47,508] {standard_task_runner.py:76} INFO - Running: ['***', 'tasks', 'run', 'data_ingestion_fhv_data', 'download_dataset_task', 'scheduled__2019-01-01T00:00:00+00:00', '--job-id', '280', '--raw', '--subdir', 'DAGS_FOLDER/data_ingestion_fhv_data.py', '--cfg-path', '/tmp/tmp3xb6p_7c', '--error-file', '/tmp/tmp2ru0794t']
[2022-01-31 17:28:47,516] {standard_task_runner.py:77} INFO - Job 280: Subtask download_dataset_task
[2022-01-31 17:28:48,097] {logging_mixin.py:109} INFO - Running <TaskInstance: data_ingestion_fhv_data.download_dataset_task scheduled__2019-01-01T00:00:00+00:00 [running]> on host 943e1344cac5
[2022-01-31 17:28:48,582] {warnings.py:110} WARNING - /home/***/.local/lib/python3.7/site-packages/***/utils/context.py:152: AirflowContextDeprecationWarning: Accessing 'execution_date' from the template is deprecated and will be removed in a future version. Please use 'data_interval_start' or 'logical_date' instead.
  warnings.warn(_create_deprecation_warning(key, self._deprecation_replacements[key]))

[2022-01-31 17:28:48,751] {taskinstance.py:1426} INFO - Exporting the following env vars:
AIRFLOW_CTX_DAG_OWNER=***
AIRFLOW_CTX_DAG_ID=data_ingestion_fhv_data
AIRFLOW_CTX_TASK_ID=download_dataset_task
AIRFLOW_CTX_EXECUTION_DATE=2019-01-01T00:00:00+00:00
AIRFLOW_CTX_DAG_RUN_ID=scheduled__2019-01-01T00:00:00+00:00
[2022-01-31 17:28:48,759] {subprocess.py:62} INFO - Tmp dir root location: 
 /tmp
[2022-01-31 17:28:48,784] {subprocess.py:74} INFO - Running command: ['bash', '-c', 'curl -sS https://nyc-tlc.s3.amazonaws.com/trip+data/fhv_tripdata_2019-01.csv > /opt/***/fhv_tripdata_2019-01.csv']
[2022-01-31 17:28:48,928] {subprocess.py:85} INFO - Output:
[2022-01-31 17:52:28,920] {subprocess.py:93} INFO - Command exited with return code 0
[2022-01-31 17:52:29,055] {taskinstance.py:1277} INFO - Marking task as SUCCESS. dag_id=data_ingestion_fhv_data, task_id=download_dataset_task, execution_date=20190101T000000, start_date=20220131T172846, end_date=20220131T175229
[2022-01-31 17:52:29,171] {local_task_job.py:154} INFO - Task exited with return code 0
[2022-01-31 17:52:29,323] {local_task_job.py:264} INFO - 1 downstream tasks scheduled from follow-on schedule check
