[2022-01-31 19:14:46,534] {taskinstance.py:1032} INFO - Dependencies all met for <TaskInstance: data_ingestion_fhv_data.download_dataset_task scheduled__2019-01-01T00:00:00+00:00 [queued]>
[2022-01-31 19:14:46,588] {taskinstance.py:1032} INFO - Dependencies all met for <TaskInstance: data_ingestion_fhv_data.download_dataset_task scheduled__2019-01-01T00:00:00+00:00 [queued]>
[2022-01-31 19:14:46,593] {taskinstance.py:1238} INFO - 
--------------------------------------------------------------------------------
[2022-01-31 19:14:46,596] {taskinstance.py:1239} INFO - Starting attempt 2 of 3
[2022-01-31 19:14:46,597] {taskinstance.py:1240} INFO - 
--------------------------------------------------------------------------------
[2022-01-31 19:14:46,684] {taskinstance.py:1259} INFO - Executing <Task(BashOperator): download_dataset_task> on 2019-01-01 00:00:00+00:00
[2022-01-31 19:14:46,706] {standard_task_runner.py:52} INFO - Started process 2911 to run task
[2022-01-31 19:14:46,729] {standard_task_runner.py:76} INFO - Running: ['***', 'tasks', 'run', 'data_ingestion_fhv_data', 'download_dataset_task', 'scheduled__2019-01-01T00:00:00+00:00', '--job-id', '344', '--raw', '--subdir', 'DAGS_FOLDER/data_ingestion_fhv_data.py', '--cfg-path', '/tmp/tmpbq3nbg8m', '--error-file', '/tmp/tmpg88oongu']
[2022-01-31 19:14:46,745] {standard_task_runner.py:77} INFO - Job 344: Subtask download_dataset_task
[2022-01-31 19:14:47,063] {logging_mixin.py:109} INFO - Running <TaskInstance: data_ingestion_fhv_data.download_dataset_task scheduled__2019-01-01T00:00:00+00:00 [running]> on host d8f3de29471d
[2022-01-31 19:14:47,232] {warnings.py:110} WARNING - /home/***/.local/lib/python3.7/site-packages/***/utils/context.py:152: AirflowContextDeprecationWarning: Accessing 'execution_date' from the template is deprecated and will be removed in a future version. Please use 'data_interval_start' or 'logical_date' instead.
  warnings.warn(_create_deprecation_warning(key, self._deprecation_replacements[key]))

[2022-01-31 19:14:47,295] {taskinstance.py:1426} INFO - Exporting the following env vars:
AIRFLOW_CTX_DAG_OWNER=***
AIRFLOW_CTX_DAG_ID=data_ingestion_fhv_data
AIRFLOW_CTX_TASK_ID=download_dataset_task
AIRFLOW_CTX_EXECUTION_DATE=2019-01-01T00:00:00+00:00
AIRFLOW_CTX_DAG_RUN_ID=scheduled__2019-01-01T00:00:00+00:00
[2022-01-31 19:14:47,301] {subprocess.py:62} INFO - Tmp dir root location: 
 /tmp
[2022-01-31 19:14:47,304] {subprocess.py:74} INFO - Running command: ['bash', '-c', 'curl -sS https://nyc-tlc.s3.amazonaws.com/trip+data/fhv_tripdata_2019-01.csv > /opt/***/fhv_tripdata_2019-01.csv']
[2022-01-31 19:14:47,330] {subprocess.py:85} INFO - Output:
[2022-01-31 19:35:23,985] {subprocess.py:93} INFO - Command exited with return code 0
[2022-01-31 19:35:24,187] {taskinstance.py:1277} INFO - Marking task as SUCCESS. dag_id=data_ingestion_fhv_data, task_id=download_dataset_task, execution_date=20190101T000000, start_date=20220131T191446, end_date=20220131T193524
[2022-01-31 19:35:24,333] {local_task_job.py:154} INFO - Task exited with return code 0
[2022-01-31 19:35:24,585] {local_task_job.py:264} INFO - 1 downstream tasks scheduled from follow-on schedule check
