[2022-01-31 18:45:16,278] {taskinstance.py:1032} INFO - Dependencies all met for <TaskInstance: data_ingestion_fhv_data.download_dataset_task scheduled__2019-11-01T00:00:00+00:00 [queued]>
[2022-01-31 18:45:16,340] {taskinstance.py:1032} INFO - Dependencies all met for <TaskInstance: data_ingestion_fhv_data.download_dataset_task scheduled__2019-11-01T00:00:00+00:00 [queued]>
[2022-01-31 18:45:16,343] {taskinstance.py:1238} INFO - 
--------------------------------------------------------------------------------
[2022-01-31 18:45:16,345] {taskinstance.py:1239} INFO - Starting attempt 1 of 2
[2022-01-31 18:45:16,346] {taskinstance.py:1240} INFO - 
--------------------------------------------------------------------------------
[2022-01-31 18:45:16,404] {taskinstance.py:1259} INFO - Executing <Task(BashOperator): download_dataset_task> on 2019-11-01 00:00:00+00:00
[2022-01-31 18:45:16,419] {standard_task_runner.py:52} INFO - Started process 1231 to run task
[2022-01-31 18:45:16,435] {standard_task_runner.py:76} INFO - Running: ['***', 'tasks', 'run', 'data_ingestion_fhv_data', 'download_dataset_task', 'scheduled__2019-11-01T00:00:00+00:00', '--job-id', '329', '--raw', '--subdir', 'DAGS_FOLDER/data_ingestion_fhv_data.py', '--cfg-path', '/tmp/tmp9rm90ctk', '--error-file', '/tmp/tmphzz4ol8u']
[2022-01-31 18:45:16,439] {standard_task_runner.py:77} INFO - Job 329: Subtask download_dataset_task
[2022-01-31 18:45:16,655] {logging_mixin.py:109} INFO - Running <TaskInstance: data_ingestion_fhv_data.download_dataset_task scheduled__2019-11-01T00:00:00+00:00 [running]> on host d8f3de29471d
[2022-01-31 18:45:16,884] {warnings.py:110} WARNING - /home/***/.local/lib/python3.7/site-packages/***/utils/context.py:152: AirflowContextDeprecationWarning: Accessing 'execution_date' from the template is deprecated and will be removed in a future version. Please use 'data_interval_start' or 'logical_date' instead.
  warnings.warn(_create_deprecation_warning(key, self._deprecation_replacements[key]))

[2022-01-31 18:45:16,954] {taskinstance.py:1426} INFO - Exporting the following env vars:
AIRFLOW_CTX_DAG_OWNER=***
AIRFLOW_CTX_DAG_ID=data_ingestion_fhv_data
AIRFLOW_CTX_TASK_ID=download_dataset_task
AIRFLOW_CTX_EXECUTION_DATE=2019-11-01T00:00:00+00:00
AIRFLOW_CTX_DAG_RUN_ID=scheduled__2019-11-01T00:00:00+00:00
[2022-01-31 18:45:16,966] {subprocess.py:62} INFO - Tmp dir root location: 
 /tmp
[2022-01-31 18:45:16,969] {subprocess.py:74} INFO - Running command: ['bash', '-c', 'curl -sS https://nyc-tlc.s3.amazonaws.com/trip+data/fhv_tripdata_2019-11.csv > /opt/***/fhv_tripdata_2019-11.csv']
[2022-01-31 18:45:16,997] {subprocess.py:85} INFO - Output:
[2022-01-31 18:46:40,095] {subprocess.py:93} INFO - Command exited with return code 0
[2022-01-31 18:46:40,245] {taskinstance.py:1277} INFO - Marking task as SUCCESS. dag_id=data_ingestion_fhv_data, task_id=download_dataset_task, execution_date=20191101T000000, start_date=20220131T184516, end_date=20220131T184640
[2022-01-31 18:46:40,393] {local_task_job.py:154} INFO - Task exited with return code 0
[2022-01-31 18:46:40,585] {local_task_job.py:264} INFO - 1 downstream tasks scheduled from follow-on schedule check
