[2022-01-28 15:52:37,223] {taskinstance.py:1032} INFO - Dependencies all met for <TaskInstance: data_ingestion_gcs_dag.format_to_parquet_task manual__2022-01-28T15:50:37.244016+00:00 [queued]>
[2022-01-28 15:52:37,335] {taskinstance.py:1032} INFO - Dependencies all met for <TaskInstance: data_ingestion_gcs_dag.format_to_parquet_task manual__2022-01-28T15:50:37.244016+00:00 [queued]>
[2022-01-28 15:52:37,337] {taskinstance.py:1238} INFO - 
--------------------------------------------------------------------------------
[2022-01-28 15:52:37,341] {taskinstance.py:1239} INFO - Starting attempt 1 of 2
[2022-01-28 15:52:37,346] {taskinstance.py:1240} INFO - 
--------------------------------------------------------------------------------
[2022-01-28 15:52:37,418] {taskinstance.py:1259} INFO - Executing <Task(PythonOperator): format_to_parquet_task> on 2022-01-28 15:50:37.244016+00:00
[2022-01-28 15:52:37,441] {standard_task_runner.py:52} INFO - Started process 462 to run task
[2022-01-28 15:52:37,462] {standard_task_runner.py:76} INFO - Running: ['***', 'tasks', 'run', 'data_ingestion_gcs_dag', 'format_to_parquet_task', 'manual__2022-01-28T15:50:37.244016+00:00', '--job-id', '15', '--raw', '--subdir', 'DAGS_FOLDER/data_ingestion_gcs_dag.py', '--cfg-path', '/tmp/tmp2t2829dt', '--error-file', '/tmp/tmpfexe91d9']
[2022-01-28 15:52:37,466] {standard_task_runner.py:77} INFO - Job 15: Subtask format_to_parquet_task
[2022-01-28 15:52:37,705] {logging_mixin.py:109} INFO - Running <TaskInstance: data_ingestion_gcs_dag.format_to_parquet_task manual__2022-01-28T15:50:37.244016+00:00 [running]> on host 899c3054d1c3
[2022-01-28 15:52:37,870] {taskinstance.py:1426} INFO - Exporting the following env vars:
AIRFLOW_CTX_DAG_OWNER=***
AIRFLOW_CTX_DAG_ID=data_ingestion_gcs_dag
AIRFLOW_CTX_TASK_ID=format_to_parquet_task
AIRFLOW_CTX_EXECUTION_DATE=2022-01-28T15:50:37.244016+00:00
AIRFLOW_CTX_DAG_RUN_ID=manual__2022-01-28T15:50:37.244016+00:00
[2022-01-28 15:52:45,881] {python.py:175} INFO - Done. Returned value was: None
[2022-01-28 15:52:45,962] {taskinstance.py:1277} INFO - Marking task as SUCCESS. dag_id=data_ingestion_gcs_dag, task_id=format_to_parquet_task, execution_date=20220128T155037, start_date=20220128T155237, end_date=20220128T155245
[2022-01-28 15:52:46,478] {local_task_job.py:154} INFO - Task exited with return code 0
[2022-01-28 15:52:46,648] {local_task_job.py:264} INFO - 1 downstream tasks scheduled from follow-on schedule check
