[2022-01-31 19:27:41,782] {taskinstance.py:1032} INFO - Dependencies all met for <TaskInstance: data_ingestion_fhv_data.format_to_parquet_task scheduled__2019-08-01T00:00:00+00:00 [queued]>
[2022-01-31 19:27:41,888] {taskinstance.py:1032} INFO - Dependencies all met for <TaskInstance: data_ingestion_fhv_data.format_to_parquet_task scheduled__2019-08-01T00:00:00+00:00 [queued]>
[2022-01-31 19:27:41,893] {taskinstance.py:1238} INFO - 
--------------------------------------------------------------------------------
[2022-01-31 19:27:41,895] {taskinstance.py:1239} INFO - Starting attempt 1 of 2
[2022-01-31 19:27:41,903] {taskinstance.py:1240} INFO - 
--------------------------------------------------------------------------------
[2022-01-31 19:27:41,978] {taskinstance.py:1259} INFO - Executing <Task(PythonOperator): format_to_parquet_task> on 2019-08-01 00:00:00+00:00
[2022-01-31 19:27:42,003] {standard_task_runner.py:52} INFO - Started process 3605 to run task
[2022-01-31 19:27:42,031] {standard_task_runner.py:76} INFO - Running: ['***', 'tasks', 'run', 'data_ingestion_fhv_data', 'format_to_parquet_task', 'scheduled__2019-08-01T00:00:00+00:00', '--job-id', '345', '--pool', 'default_pool', '--raw', '--subdir', 'DAGS_FOLDER/data_ingestion_fhv_data.py', '--cfg-path', '/tmp/tmp9n4iihw7', '--error-file', '/tmp/tmpdp8yubd5']
[2022-01-31 19:27:42,037] {standard_task_runner.py:77} INFO - Job 345: Subtask format_to_parquet_task
[2022-01-31 19:27:42,502] {logging_mixin.py:109} INFO - Running <TaskInstance: data_ingestion_fhv_data.format_to_parquet_task scheduled__2019-08-01T00:00:00+00:00 [running]> on host d8f3de29471d
[2022-01-31 19:27:42,784] {warnings.py:110} WARNING - /home/***/.local/lib/python3.7/site-packages/***/utils/context.py:152: AirflowContextDeprecationWarning: Accessing 'execution_date' from the template is deprecated and will be removed in a future version. Please use 'data_interval_start' or 'logical_date' instead.
  warnings.warn(_create_deprecation_warning(key, self._deprecation_replacements[key]))

[2022-01-31 19:27:42,847] {taskinstance.py:1426} INFO - Exporting the following env vars:
AIRFLOW_CTX_DAG_OWNER=***
AIRFLOW_CTX_DAG_ID=data_ingestion_fhv_data
AIRFLOW_CTX_TASK_ID=format_to_parquet_task
AIRFLOW_CTX_EXECUTION_DATE=2019-08-01T00:00:00+00:00
AIRFLOW_CTX_DAG_RUN_ID=scheduled__2019-08-01T00:00:00+00:00
[2022-01-31 19:27:47,385] {python.py:175} INFO - Done. Returned value was: None
[2022-01-31 19:27:47,505] {taskinstance.py:1277} INFO - Marking task as SUCCESS. dag_id=data_ingestion_fhv_data, task_id=format_to_parquet_task, execution_date=20190801T000000, start_date=20220131T192741, end_date=20220131T192747
[2022-01-31 19:27:47,887] {local_task_job.py:154} INFO - Task exited with return code 0
[2022-01-31 19:27:48,100] {local_task_job.py:264} INFO - 1 downstream tasks scheduled from follow-on schedule check
