[2022-01-31 17:42:12,931] {taskinstance.py:1032} INFO - Dependencies all met for <TaskInstance: data_ingestion_fhv_data.format_to_parquet_task scheduled__2019-04-01T00:00:00+00:00 [queued]>
[2022-01-31 17:42:13,066] {taskinstance.py:1032} INFO - Dependencies all met for <TaskInstance: data_ingestion_fhv_data.format_to_parquet_task scheduled__2019-04-01T00:00:00+00:00 [queued]>
[2022-01-31 17:42:13,071] {taskinstance.py:1238} INFO - 
--------------------------------------------------------------------------------
[2022-01-31 17:42:13,074] {taskinstance.py:1239} INFO - Starting attempt 1 of 2
[2022-01-31 17:42:13,078] {taskinstance.py:1240} INFO - 
--------------------------------------------------------------------------------
[2022-01-31 17:42:13,333] {taskinstance.py:1259} INFO - Executing <Task(PythonOperator): format_to_parquet_task> on 2019-04-01 00:00:00+00:00
[2022-01-31 17:42:13,418] {standard_task_runner.py:52} INFO - Started process 1276 to run task
[2022-01-31 17:42:13,494] {standard_task_runner.py:76} INFO - Running: ['***', 'tasks', 'run', 'data_ingestion_fhv_data', 'format_to_parquet_task', 'scheduled__2019-04-01T00:00:00+00:00', '--job-id', '297', '--raw', '--subdir', 'DAGS_FOLDER/data_ingestion_fhv_data.py', '--cfg-path', '/tmp/tmp61a6dg4k', '--error-file', '/tmp/tmpgzkk48sn']
[2022-01-31 17:42:13,509] {standard_task_runner.py:77} INFO - Job 297: Subtask format_to_parquet_task
[2022-01-31 17:42:14,218] {logging_mixin.py:109} INFO - Running <TaskInstance: data_ingestion_fhv_data.format_to_parquet_task scheduled__2019-04-01T00:00:00+00:00 [running]> on host 943e1344cac5
[2022-01-31 17:42:14,559] {warnings.py:110} WARNING - /home/***/.local/lib/python3.7/site-packages/***/utils/context.py:152: AirflowContextDeprecationWarning: Accessing 'execution_date' from the template is deprecated and will be removed in a future version. Please use 'data_interval_start' or 'logical_date' instead.
  warnings.warn(_create_deprecation_warning(key, self._deprecation_replacements[key]))

[2022-01-31 17:42:14,681] {taskinstance.py:1426} INFO - Exporting the following env vars:
AIRFLOW_CTX_DAG_OWNER=***
AIRFLOW_CTX_DAG_ID=data_ingestion_fhv_data
AIRFLOW_CTX_TASK_ID=format_to_parquet_task
AIRFLOW_CTX_EXECUTION_DATE=2019-04-01T00:00:00+00:00
AIRFLOW_CTX_DAG_RUN_ID=scheduled__2019-04-01T00:00:00+00:00
[2022-01-31 17:42:21,148] {python.py:175} INFO - Done. Returned value was: None
[2022-01-31 17:42:21,274] {taskinstance.py:1277} INFO - Marking task as SUCCESS. dag_id=data_ingestion_fhv_data, task_id=format_to_parquet_task, execution_date=20190401T000000, start_date=20220131T174212, end_date=20220131T174221
[2022-01-31 17:42:21,902] {local_task_job.py:154} INFO - Task exited with return code 0
[2022-01-31 17:42:22,613] {local_task_job.py:264} INFO - 0 downstream tasks scheduled from follow-on schedule check
