[2022-01-28 17:40:56,923] {taskinstance.py:1032} INFO - Dependencies all met for <TaskInstance: data_ingestion_gcs_dag.local_to_gcs_task manual__2022-01-28T17:38:17.257914+00:00 [queued]>
[2022-01-28 17:40:56,978] {taskinstance.py:1032} INFO - Dependencies all met for <TaskInstance: data_ingestion_gcs_dag.local_to_gcs_task manual__2022-01-28T17:38:17.257914+00:00 [queued]>
[2022-01-28 17:40:56,980] {taskinstance.py:1238} INFO - 
--------------------------------------------------------------------------------
[2022-01-28 17:40:56,981] {taskinstance.py:1239} INFO - Starting attempt 1 of 2
[2022-01-28 17:40:56,983] {taskinstance.py:1240} INFO - 
--------------------------------------------------------------------------------
[2022-01-28 17:40:57,045] {taskinstance.py:1259} INFO - Executing <Task(PythonOperator): local_to_gcs_task> on 2022-01-28 17:38:17.257914+00:00
[2022-01-28 17:40:57,061] {standard_task_runner.py:52} INFO - Started process 471 to run task
[2022-01-28 17:40:57,085] {standard_task_runner.py:76} INFO - Running: ['***', 'tasks', 'run', 'data_ingestion_gcs_dag', 'local_to_gcs_task', 'manual__2022-01-28T17:38:17.257914+00:00', '--job-id', '22', '--raw', '--subdir', 'DAGS_FOLDER/data_ingestion_gcs_dag.py', '--cfg-path', '/tmp/tmpr3orva1t', '--error-file', '/tmp/tmp8i0qhcul']
[2022-01-28 17:40:57,089] {standard_task_runner.py:77} INFO - Job 22: Subtask local_to_gcs_task
[2022-01-28 17:40:57,324] {logging_mixin.py:109} INFO - Running <TaskInstance: data_ingestion_gcs_dag.local_to_gcs_task manual__2022-01-28T17:38:17.257914+00:00 [running]> on host e3cc4d0d5670
[2022-01-28 17:40:57,547] {taskinstance.py:1426} INFO - Exporting the following env vars:
AIRFLOW_CTX_DAG_OWNER=***
AIRFLOW_CTX_DAG_ID=data_ingestion_gcs_dag
AIRFLOW_CTX_TASK_ID=local_to_gcs_task
AIRFLOW_CTX_EXECUTION_DATE=2022-01-28T17:38:17.257914+00:00
AIRFLOW_CTX_DAG_RUN_ID=manual__2022-01-28T17:38:17.257914+00:00
[2022-01-28 17:41:05,583] {python.py:175} INFO - Done. Returned value was: None
[2022-01-28 17:41:05,654] {taskinstance.py:1277} INFO - Marking task as SUCCESS. dag_id=data_ingestion_gcs_dag, task_id=local_to_gcs_task, execution_date=20220128T173817, start_date=20220128T174056, end_date=20220128T174105
[2022-01-28 17:41:05,770] {local_task_job.py:154} INFO - Task exited with return code 0
[2022-01-28 17:41:05,895] {local_task_job.py:264} INFO - 1 downstream tasks scheduled from follow-on schedule check
