[2022-01-31 18:19:40,035] {taskinstance.py:1032} INFO - Dependencies all met for <TaskInstance: data_ingestion_fhv_data.format_to_parquet_task scheduled__2019-07-01T00:00:00+00:00 [queued]>
[2022-01-31 18:19:40,349] {taskinstance.py:1032} INFO - Dependencies all met for <TaskInstance: data_ingestion_fhv_data.format_to_parquet_task scheduled__2019-07-01T00:00:00+00:00 [queued]>
[2022-01-31 18:19:40,377] {taskinstance.py:1238} INFO - 
--------------------------------------------------------------------------------
[2022-01-31 18:19:40,380] {taskinstance.py:1239} INFO - Starting attempt 2 of 2
[2022-01-31 18:19:40,386] {taskinstance.py:1240} INFO - 
--------------------------------------------------------------------------------
[2022-01-31 18:19:40,770] {taskinstance.py:1259} INFO - Executing <Task(PythonOperator): format_to_parquet_task> on 2019-07-01 00:00:00+00:00
[2022-01-31 18:19:40,881] {standard_task_runner.py:76} INFO - Running: ['***', 'tasks', 'run', 'data_ingestion_fhv_data', 'format_to_parquet_task', 'scheduled__2019-07-01T00:00:00+00:00', '--job-id', '314', '--raw', '--subdir', 'DAGS_FOLDER/data_ingestion_fhv_data.py', '--cfg-path', '/tmp/tmpbbq601qc', '--error-file', '/tmp/tmp7yzp857m']
[2022-01-31 18:19:40,897] {standard_task_runner.py:77} INFO - Job 314: Subtask format_to_parquet_task
[2022-01-31 18:19:40,859] {standard_task_runner.py:52} INFO - Started process 273 to run task
[2022-01-31 18:19:42,278] {logging_mixin.py:109} INFO - Running <TaskInstance: data_ingestion_fhv_data.format_to_parquet_task scheduled__2019-07-01T00:00:00+00:00 [running]> on host 943e1344cac5
[2022-01-31 18:19:43,475] {warnings.py:110} WARNING - /home/***/.local/lib/python3.7/site-packages/***/utils/context.py:152: AirflowContextDeprecationWarning: Accessing 'execution_date' from the template is deprecated and will be removed in a future version. Please use 'data_interval_start' or 'logical_date' instead.
  warnings.warn(_create_deprecation_warning(key, self._deprecation_replacements[key]))

[2022-01-31 18:19:43,768] {taskinstance.py:1426} INFO - Exporting the following env vars:
AIRFLOW_CTX_DAG_OWNER=***
AIRFLOW_CTX_DAG_ID=data_ingestion_fhv_data
AIRFLOW_CTX_TASK_ID=format_to_parquet_task
AIRFLOW_CTX_EXECUTION_DATE=2019-07-01T00:00:00+00:00
AIRFLOW_CTX_DAG_RUN_ID=scheduled__2019-07-01T00:00:00+00:00
[2022-01-31 18:19:59,540] {python.py:175} INFO - Done. Returned value was: None
[2022-01-31 18:19:59,735] {taskinstance.py:1277} INFO - Marking task as SUCCESS. dag_id=data_ingestion_fhv_data, task_id=format_to_parquet_task, execution_date=20190701T000000, start_date=20220131T181940, end_date=20220131T181959
[2022-01-31 18:20:01,327] {local_task_job.py:154} INFO - Task exited with return code 0
[2022-01-31 18:20:03,273] {local_task_job.py:264} INFO - 0 downstream tasks scheduled from follow-on schedule check
