[2022-01-31 18:56:57,177] {taskinstance.py:1032} INFO - Dependencies all met for <TaskInstance: data_ingestion_fhv_data.format_to_parquet_task scheduled__2019-07-01T00:00:00+00:00 [queued]>
[2022-01-31 18:56:57,242] {taskinstance.py:1032} INFO - Dependencies all met for <TaskInstance: data_ingestion_fhv_data.format_to_parquet_task scheduled__2019-07-01T00:00:00+00:00 [queued]>
[2022-01-31 18:56:57,244] {taskinstance.py:1238} INFO - 
--------------------------------------------------------------------------------
[2022-01-31 18:56:57,245] {taskinstance.py:1239} INFO - Starting attempt 3 of 4
[2022-01-31 18:56:57,247] {taskinstance.py:1240} INFO - 
--------------------------------------------------------------------------------
[2022-01-31 18:56:57,307] {taskinstance.py:1259} INFO - Executing <Task(PythonOperator): format_to_parquet_task> on 2019-07-01 00:00:00+00:00
[2022-01-31 18:56:57,330] {standard_task_runner.py:52} INFO - Started process 1930 to run task
[2022-01-31 18:56:57,342] {standard_task_runner.py:76} INFO - Running: ['***', 'tasks', 'run', 'data_ingestion_fhv_data', 'format_to_parquet_task', 'scheduled__2019-07-01T00:00:00+00:00', '--job-id', '339', '--raw', '--subdir', 'DAGS_FOLDER/data_ingestion_fhv_data.py', '--cfg-path', '/tmp/tmp2bx5uqp1', '--error-file', '/tmp/tmp38fqh_97']
[2022-01-31 18:56:57,346] {standard_task_runner.py:77} INFO - Job 339: Subtask format_to_parquet_task
[2022-01-31 18:56:57,540] {logging_mixin.py:109} INFO - Running <TaskInstance: data_ingestion_fhv_data.format_to_parquet_task scheduled__2019-07-01T00:00:00+00:00 [running]> on host d8f3de29471d
[2022-01-31 18:56:57,707] {warnings.py:110} WARNING - /home/***/.local/lib/python3.7/site-packages/***/utils/context.py:152: AirflowContextDeprecationWarning: Accessing 'execution_date' from the template is deprecated and will be removed in a future version. Please use 'data_interval_start' or 'logical_date' instead.
  warnings.warn(_create_deprecation_warning(key, self._deprecation_replacements[key]))

[2022-01-31 18:56:57,754] {taskinstance.py:1426} INFO - Exporting the following env vars:
AIRFLOW_CTX_DAG_OWNER=***
AIRFLOW_CTX_DAG_ID=data_ingestion_fhv_data
AIRFLOW_CTX_TASK_ID=format_to_parquet_task
AIRFLOW_CTX_EXECUTION_DATE=2019-07-01T00:00:00+00:00
AIRFLOW_CTX_DAG_RUN_ID=scheduled__2019-07-01T00:00:00+00:00
[2022-01-31 18:57:00,885] {python.py:175} INFO - Done. Returned value was: None
[2022-01-31 18:57:00,970] {taskinstance.py:1277} INFO - Marking task as SUCCESS. dag_id=data_ingestion_fhv_data, task_id=format_to_parquet_task, execution_date=20190701T000000, start_date=20220131T185657, end_date=20220131T185700
[2022-01-31 18:57:01,382] {local_task_job.py:154} INFO - Task exited with return code 0
[2022-01-31 18:57:01,570] {local_task_job.py:264} INFO - 1 downstream tasks scheduled from follow-on schedule check
