[2022-01-28 15:52:51,082] {taskinstance.py:1032} INFO - Dependencies all met for <TaskInstance: data_ingestion_gcs_dag.local_to_gcs_task manual__2022-01-28T15:50:37.244016+00:00 [queued]>
[2022-01-28 15:52:51,136] {taskinstance.py:1032} INFO - Dependencies all met for <TaskInstance: data_ingestion_gcs_dag.local_to_gcs_task manual__2022-01-28T15:50:37.244016+00:00 [queued]>
[2022-01-28 15:52:51,138] {taskinstance.py:1238} INFO - 
--------------------------------------------------------------------------------
[2022-01-28 15:52:51,140] {taskinstance.py:1239} INFO - Starting attempt 1 of 2
[2022-01-28 15:52:51,141] {taskinstance.py:1240} INFO - 
--------------------------------------------------------------------------------
[2022-01-28 15:52:51,194] {taskinstance.py:1259} INFO - Executing <Task(PythonOperator): local_to_gcs_task> on 2022-01-28 15:50:37.244016+00:00
[2022-01-28 15:52:51,207] {standard_task_runner.py:52} INFO - Started process 472 to run task
[2022-01-28 15:52:51,223] {standard_task_runner.py:76} INFO - Running: ['***', 'tasks', 'run', 'data_ingestion_gcs_dag', 'local_to_gcs_task', 'manual__2022-01-28T15:50:37.244016+00:00', '--job-id', '16', '--raw', '--subdir', 'DAGS_FOLDER/data_ingestion_gcs_dag.py', '--cfg-path', '/tmp/tmpld02nulb', '--error-file', '/tmp/tmpct093uwu']
[2022-01-28 15:52:51,226] {standard_task_runner.py:77} INFO - Job 16: Subtask local_to_gcs_task
[2022-01-28 15:52:51,366] {logging_mixin.py:109} INFO - Running <TaskInstance: data_ingestion_gcs_dag.local_to_gcs_task manual__2022-01-28T15:50:37.244016+00:00 [running]> on host 899c3054d1c3
[2022-01-28 15:52:51,547] {taskinstance.py:1426} INFO - Exporting the following env vars:
AIRFLOW_CTX_DAG_OWNER=***
AIRFLOW_CTX_DAG_ID=data_ingestion_gcs_dag
AIRFLOW_CTX_TASK_ID=local_to_gcs_task
AIRFLOW_CTX_EXECUTION_DATE=2022-01-28T15:50:37.244016+00:00
AIRFLOW_CTX_DAG_RUN_ID=manual__2022-01-28T15:50:37.244016+00:00
[2022-01-28 15:52:59,572] {python.py:175} INFO - Done. Returned value was: None
[2022-01-28 15:52:59,625] {taskinstance.py:1277} INFO - Marking task as SUCCESS. dag_id=data_ingestion_gcs_dag, task_id=local_to_gcs_task, execution_date=20220128T155037, start_date=20220128T155251, end_date=20220128T155259
[2022-01-28 15:52:59,729] {local_task_job.py:154} INFO - Task exited with return code 0
[2022-01-28 15:52:59,848] {local_task_job.py:264} INFO - 1 downstream tasks scheduled from follow-on schedule check
