[2022-01-31 18:55:16,053] {taskinstance.py:1032} INFO - Dependencies all met for <TaskInstance: data_ingestion_fhv_data.download_dataset_task scheduled__2019-07-01T00:00:00+00:00 [queued]>
[2022-01-31 18:55:16,118] {taskinstance.py:1032} INFO - Dependencies all met for <TaskInstance: data_ingestion_fhv_data.download_dataset_task scheduled__2019-07-01T00:00:00+00:00 [queued]>
[2022-01-31 18:55:16,120] {taskinstance.py:1238} INFO - 
--------------------------------------------------------------------------------
[2022-01-31 18:55:16,122] {taskinstance.py:1239} INFO - Starting attempt 3 of 4
[2022-01-31 18:55:16,124] {taskinstance.py:1240} INFO - 
--------------------------------------------------------------------------------
[2022-01-31 18:55:16,191] {taskinstance.py:1259} INFO - Executing <Task(BashOperator): download_dataset_task> on 2019-07-01 00:00:00+00:00
[2022-01-31 18:55:16,220] {standard_task_runner.py:52} INFO - Started process 1825 to run task
[2022-01-31 18:55:16,233] {standard_task_runner.py:76} INFO - Running: ['***', 'tasks', 'run', 'data_ingestion_fhv_data', 'download_dataset_task', 'scheduled__2019-07-01T00:00:00+00:00', '--job-id', '338', '--raw', '--subdir', 'DAGS_FOLDER/data_ingestion_fhv_data.py', '--cfg-path', '/tmp/tmpnuebvucm', '--error-file', '/tmp/tmpe2coestw']
[2022-01-31 18:55:16,239] {standard_task_runner.py:77} INFO - Job 338: Subtask download_dataset_task
[2022-01-31 18:55:16,439] {logging_mixin.py:109} INFO - Running <TaskInstance: data_ingestion_fhv_data.download_dataset_task scheduled__2019-07-01T00:00:00+00:00 [running]> on host d8f3de29471d
[2022-01-31 18:55:16,601] {warnings.py:110} WARNING - /home/***/.local/lib/python3.7/site-packages/***/utils/context.py:152: AirflowContextDeprecationWarning: Accessing 'execution_date' from the template is deprecated and will be removed in a future version. Please use 'data_interval_start' or 'logical_date' instead.
  warnings.warn(_create_deprecation_warning(key, self._deprecation_replacements[key]))

[2022-01-31 18:55:16,641] {taskinstance.py:1426} INFO - Exporting the following env vars:
AIRFLOW_CTX_DAG_OWNER=***
AIRFLOW_CTX_DAG_ID=data_ingestion_fhv_data
AIRFLOW_CTX_TASK_ID=download_dataset_task
AIRFLOW_CTX_EXECUTION_DATE=2019-07-01T00:00:00+00:00
AIRFLOW_CTX_DAG_RUN_ID=scheduled__2019-07-01T00:00:00+00:00
[2022-01-31 18:55:16,645] {subprocess.py:62} INFO - Tmp dir root location: 
 /tmp
[2022-01-31 18:55:16,647] {subprocess.py:74} INFO - Running command: ['bash', '-c', 'curl -sS https://nyc-tlc.s3.amazonaws.com/trip+data/fhv_tripdata_2019-07.csv > /opt/***/fhv_tripdata_2019-07.csv']
[2022-01-31 18:55:16,672] {subprocess.py:85} INFO - Output:
[2022-01-31 18:56:50,815] {subprocess.py:93} INFO - Command exited with return code 0
[2022-01-31 18:56:51,013] {taskinstance.py:1277} INFO - Marking task as SUCCESS. dag_id=data_ingestion_fhv_data, task_id=download_dataset_task, execution_date=20190701T000000, start_date=20220131T185516, end_date=20220131T185651
[2022-01-31 18:56:51,268] {local_task_job.py:154} INFO - Task exited with return code 0
[2022-01-31 18:56:51,584] {local_task_job.py:264} INFO - 1 downstream tasks scheduled from follow-on schedule check
