[2022-01-31 18:44:25,154] {taskinstance.py:1032} INFO - Dependencies all met for <TaskInstance: data_ingestion_fhv_data.format_to_parquet_task scheduled__2019-10-01T00:00:00+00:00 [queued]>
[2022-01-31 18:44:25,206] {taskinstance.py:1032} INFO - Dependencies all met for <TaskInstance: data_ingestion_fhv_data.format_to_parquet_task scheduled__2019-10-01T00:00:00+00:00 [queued]>
[2022-01-31 18:44:25,208] {taskinstance.py:1238} INFO - 
--------------------------------------------------------------------------------
[2022-01-31 18:44:25,210] {taskinstance.py:1239} INFO - Starting attempt 1 of 2
[2022-01-31 18:44:25,213] {taskinstance.py:1240} INFO - 
--------------------------------------------------------------------------------
[2022-01-31 18:44:25,277] {taskinstance.py:1259} INFO - Executing <Task(PythonOperator): format_to_parquet_task> on 2019-10-01 00:00:00+00:00
[2022-01-31 18:44:25,297] {standard_task_runner.py:52} INFO - Started process 1169 to run task
[2022-01-31 18:44:25,315] {standard_task_runner.py:76} INFO - Running: ['***', 'tasks', 'run', 'data_ingestion_fhv_data', 'format_to_parquet_task', 'scheduled__2019-10-01T00:00:00+00:00', '--job-id', '326', '--raw', '--subdir', 'DAGS_FOLDER/data_ingestion_fhv_data.py', '--cfg-path', '/tmp/tmpcsc6k7we', '--error-file', '/tmp/tmphet6r504']
[2022-01-31 18:44:25,319] {standard_task_runner.py:77} INFO - Job 326: Subtask format_to_parquet_task
[2022-01-31 18:44:25,720] {logging_mixin.py:109} INFO - Running <TaskInstance: data_ingestion_fhv_data.format_to_parquet_task scheduled__2019-10-01T00:00:00+00:00 [running]> on host d8f3de29471d
[2022-01-31 18:44:26,234] {warnings.py:110} WARNING - /home/***/.local/lib/python3.7/site-packages/***/utils/context.py:152: AirflowContextDeprecationWarning: Accessing 'execution_date' from the template is deprecated and will be removed in a future version. Please use 'data_interval_start' or 'logical_date' instead.
  warnings.warn(_create_deprecation_warning(key, self._deprecation_replacements[key]))

[2022-01-31 18:44:26,372] {taskinstance.py:1426} INFO - Exporting the following env vars:
AIRFLOW_CTX_DAG_OWNER=***
AIRFLOW_CTX_DAG_ID=data_ingestion_fhv_data
AIRFLOW_CTX_TASK_ID=format_to_parquet_task
AIRFLOW_CTX_EXECUTION_DATE=2019-10-01T00:00:00+00:00
AIRFLOW_CTX_DAG_RUN_ID=scheduled__2019-10-01T00:00:00+00:00
[2022-01-31 18:44:30,845] {python.py:175} INFO - Done. Returned value was: None
[2022-01-31 18:44:30,994] {taskinstance.py:1277} INFO - Marking task as SUCCESS. dag_id=data_ingestion_fhv_data, task_id=format_to_parquet_task, execution_date=20191001T000000, start_date=20220131T184425, end_date=20220131T184430
[2022-01-31 18:44:31,379] {local_task_job.py:154} INFO - Task exited with return code 0
[2022-01-31 18:44:31,620] {local_task_job.py:264} INFO - 1 downstream tasks scheduled from follow-on schedule check
