[2022-01-31 17:36:41,518] {taskinstance.py:1032} INFO - Dependencies all met for <TaskInstance: data_ingestion_fhv_data.local_to_gcs_task scheduled__2019-02-01T00:00:00+00:00 [queued]>
[2022-01-31 17:36:41,570] {taskinstance.py:1032} INFO - Dependencies all met for <TaskInstance: data_ingestion_fhv_data.local_to_gcs_task scheduled__2019-02-01T00:00:00+00:00 [queued]>
[2022-01-31 17:36:41,572] {taskinstance.py:1238} INFO - 
--------------------------------------------------------------------------------
[2022-01-31 17:36:41,574] {taskinstance.py:1239} INFO - Starting attempt 1 of 2
[2022-01-31 17:36:41,575] {taskinstance.py:1240} INFO - 
--------------------------------------------------------------------------------
[2022-01-31 17:36:41,626] {taskinstance.py:1259} INFO - Executing <Task(PythonOperator): local_to_gcs_task> on 2019-02-01 00:00:00+00:00
[2022-01-31 17:36:41,643] {standard_task_runner.py:52} INFO - Started process 918 to run task
[2022-01-31 17:36:41,656] {standard_task_runner.py:76} INFO - Running: ['***', 'tasks', 'run', 'data_ingestion_fhv_data', 'local_to_gcs_task', 'scheduled__2019-02-01T00:00:00+00:00', '--job-id', '290', '--raw', '--subdir', 'DAGS_FOLDER/data_ingestion_fhv_data.py', '--cfg-path', '/tmp/tmptv981sjq', '--error-file', '/tmp/tmp9s662l0j']
[2022-01-31 17:36:41,660] {standard_task_runner.py:77} INFO - Job 290: Subtask local_to_gcs_task
[2022-01-31 17:36:41,856] {logging_mixin.py:109} INFO - Running <TaskInstance: data_ingestion_fhv_data.local_to_gcs_task scheduled__2019-02-01T00:00:00+00:00 [running]> on host 943e1344cac5
[2022-01-31 17:36:42,132] {warnings.py:110} WARNING - /home/***/.local/lib/python3.7/site-packages/***/utils/context.py:152: AirflowContextDeprecationWarning: Accessing 'execution_date' from the template is deprecated and will be removed in a future version. Please use 'data_interval_start' or 'logical_date' instead.
  warnings.warn(_create_deprecation_warning(key, self._deprecation_replacements[key]))

[2022-01-31 17:36:42,212] {taskinstance.py:1426} INFO - Exporting the following env vars:
AIRFLOW_CTX_DAG_OWNER=***
AIRFLOW_CTX_DAG_ID=data_ingestion_fhv_data
AIRFLOW_CTX_TASK_ID=local_to_gcs_task
AIRFLOW_CTX_EXECUTION_DATE=2019-02-01T00:00:00+00:00
AIRFLOW_CTX_DAG_RUN_ID=scheduled__2019-02-01T00:00:00+00:00
[2022-01-31 17:36:49,303] {python.py:175} INFO - Done. Returned value was: None
[2022-01-31 17:36:49,451] {taskinstance.py:1277} INFO - Marking task as SUCCESS. dag_id=data_ingestion_fhv_data, task_id=local_to_gcs_task, execution_date=20190201T000000, start_date=20220131T173641, end_date=20220131T173649
[2022-01-31 17:36:49,798] {local_task_job.py:154} INFO - Task exited with return code 0
[2022-01-31 17:36:50,690] {local_task_job.py:264} INFO - 0 downstream tasks scheduled from follow-on schedule check
