[2022-01-31 18:10:38,303] {taskinstance.py:1032} INFO - Dependencies all met for <TaskInstance: data_ingestion_fhv_data.format_to_parquet_task scheduled__2019-01-01T00:00:00+00:00 [queued]>
[2022-01-31 18:10:38,606] {taskinstance.py:1032} INFO - Dependencies all met for <TaskInstance: data_ingestion_fhv_data.format_to_parquet_task scheduled__2019-01-01T00:00:00+00:00 [queued]>
[2022-01-31 18:10:38,614] {taskinstance.py:1238} INFO - 
--------------------------------------------------------------------------------
[2022-01-31 18:10:38,616] {taskinstance.py:1239} INFO - Starting attempt 2 of 2
[2022-01-31 18:10:38,622] {taskinstance.py:1240} INFO - 
--------------------------------------------------------------------------------
[2022-01-31 18:10:39,212] {taskinstance.py:1259} INFO - Executing <Task(PythonOperator): format_to_parquet_task> on 2019-01-01 00:00:00+00:00
[2022-01-31 18:10:39,337] {standard_task_runner.py:52} INFO - Started process 2055 to run task
[2022-01-31 18:10:39,467] {standard_task_runner.py:76} INFO - Running: ['***', 'tasks', 'run', 'data_ingestion_fhv_data', 'format_to_parquet_task', 'scheduled__2019-01-01T00:00:00+00:00', '--job-id', '311', '--raw', '--subdir', 'DAGS_FOLDER/data_ingestion_fhv_data.py', '--cfg-path', '/tmp/tmpwkng27dh', '--error-file', '/tmp/tmp6ks8hof5']
[2022-01-31 18:10:39,498] {standard_task_runner.py:77} INFO - Job 311: Subtask format_to_parquet_task
[2022-01-31 18:10:40,648] {logging_mixin.py:109} INFO - Running <TaskInstance: data_ingestion_fhv_data.format_to_parquet_task scheduled__2019-01-01T00:00:00+00:00 [running]> on host 943e1344cac5
[2022-01-31 18:10:41,396] {warnings.py:110} WARNING - /home/***/.local/lib/python3.7/site-packages/***/utils/context.py:152: AirflowContextDeprecationWarning: Accessing 'execution_date' from the template is deprecated and will be removed in a future version. Please use 'data_interval_start' or 'logical_date' instead.
  warnings.warn(_create_deprecation_warning(key, self._deprecation_replacements[key]))

[2022-01-31 18:10:41,680] {taskinstance.py:1426} INFO - Exporting the following env vars:
AIRFLOW_CTX_DAG_OWNER=***
AIRFLOW_CTX_DAG_ID=data_ingestion_fhv_data
AIRFLOW_CTX_TASK_ID=format_to_parquet_task
AIRFLOW_CTX_EXECUTION_DATE=2019-01-01T00:00:00+00:00
AIRFLOW_CTX_DAG_RUN_ID=scheduled__2019-01-01T00:00:00+00:00
[2022-01-31 18:12:05,434] {local_task_job.py:154} INFO - Task exited with return code Negsignal.SIGKILL
[2022-01-31 18:12:06,342] {taskinstance.py:1277} INFO - Marking task as FAILED. dag_id=data_ingestion_fhv_data, task_id=format_to_parquet_task, execution_date=20190101T000000, start_date=20220131T181038, end_date=20220131T181206
[2022-01-31 18:12:10,411] {local_task_job.py:264} INFO - 0 downstream tasks scheduled from follow-on schedule check
