[2022-01-31 19:35:30,449] {taskinstance.py:1032} INFO - Dependencies all met for <TaskInstance: data_ingestion_fhv_data.format_to_parquet_task scheduled__2019-01-01T00:00:00+00:00 [queued]>
[2022-01-31 19:35:30,511] {taskinstance.py:1032} INFO - Dependencies all met for <TaskInstance: data_ingestion_fhv_data.format_to_parquet_task scheduled__2019-01-01T00:00:00+00:00 [queued]>
[2022-01-31 19:35:30,518] {taskinstance.py:1238} INFO - 
--------------------------------------------------------------------------------
[2022-01-31 19:35:30,520] {taskinstance.py:1239} INFO - Starting attempt 5 of 6
[2022-01-31 19:35:30,522] {taskinstance.py:1240} INFO - 
--------------------------------------------------------------------------------
[2022-01-31 19:35:30,623] {taskinstance.py:1259} INFO - Executing <Task(PythonOperator): format_to_parquet_task> on 2019-01-01 00:00:00+00:00
[2022-01-31 19:35:30,657] {standard_task_runner.py:52} INFO - Started process 4029 to run task
[2022-01-31 19:35:30,696] {standard_task_runner.py:76} INFO - Running: ['***', 'tasks', 'run', 'data_ingestion_fhv_data', 'format_to_parquet_task', 'scheduled__2019-01-01T00:00:00+00:00', '--job-id', '348', '--raw', '--subdir', 'DAGS_FOLDER/data_ingestion_fhv_data.py', '--cfg-path', '/tmp/tmpxowc9gby', '--error-file', '/tmp/tmp22tdjzs4']
[2022-01-31 19:35:30,706] {standard_task_runner.py:77} INFO - Job 348: Subtask format_to_parquet_task
[2022-01-31 19:35:30,953] {logging_mixin.py:109} INFO - Running <TaskInstance: data_ingestion_fhv_data.format_to_parquet_task scheduled__2019-01-01T00:00:00+00:00 [running]> on host d8f3de29471d
[2022-01-31 19:35:31,196] {warnings.py:110} WARNING - /home/***/.local/lib/python3.7/site-packages/***/utils/context.py:152: AirflowContextDeprecationWarning: Accessing 'execution_date' from the template is deprecated and will be removed in a future version. Please use 'data_interval_start' or 'logical_date' instead.
  warnings.warn(_create_deprecation_warning(key, self._deprecation_replacements[key]))

[2022-01-31 19:35:31,274] {taskinstance.py:1426} INFO - Exporting the following env vars:
AIRFLOW_CTX_DAG_OWNER=***
AIRFLOW_CTX_DAG_ID=data_ingestion_fhv_data
AIRFLOW_CTX_TASK_ID=format_to_parquet_task
AIRFLOW_CTX_EXECUTION_DATE=2019-01-01T00:00:00+00:00
AIRFLOW_CTX_DAG_RUN_ID=scheduled__2019-01-01T00:00:00+00:00
[2022-01-31 19:37:17,272] {python.py:175} INFO - Done. Returned value was: None
[2022-01-31 19:37:18,621] {taskinstance.py:1277} INFO - Marking task as SUCCESS. dag_id=data_ingestion_fhv_data, task_id=format_to_parquet_task, execution_date=20190101T000000, start_date=20220131T193530, end_date=20220131T193718
[2022-01-31 19:37:23,961] {local_task_job.py:154} INFO - Task exited with return code Negsignal.SIGKILL
[2022-01-31 19:37:24,468] {taskinstance.py:1277} INFO - Marking task as UP_FOR_RETRY. dag_id=data_ingestion_fhv_data, task_id=format_to_parquet_task, execution_date=20190101T000000, start_date=20220131T193530, end_date=20220131T193724
[2022-01-31 19:37:25,173] {local_task_job.py:264} INFO - 0 downstream tasks scheduled from follow-on schedule check
