[2022-01-31 19:42:32,556] {taskinstance.py:1032} INFO - Dependencies all met for <TaskInstance: data_ingestion_fhv_data.format_to_parquet_task scheduled__2019-01-01T00:00:00+00:00 [queued]>
[2022-01-31 19:42:32,641] {taskinstance.py:1032} INFO - Dependencies all met for <TaskInstance: data_ingestion_fhv_data.format_to_parquet_task scheduled__2019-01-01T00:00:00+00:00 [queued]>
[2022-01-31 19:42:32,643] {taskinstance.py:1238} INFO - 
--------------------------------------------------------------------------------
[2022-01-31 19:42:32,646] {taskinstance.py:1239} INFO - Starting attempt 6 of 6
[2022-01-31 19:42:32,648] {taskinstance.py:1240} INFO - 
--------------------------------------------------------------------------------
[2022-01-31 19:42:32,728] {taskinstance.py:1259} INFO - Executing <Task(PythonOperator): format_to_parquet_task> on 2019-01-01 00:00:00+00:00
[2022-01-31 19:42:32,765] {standard_task_runner.py:52} INFO - Started process 4424 to run task
[2022-01-31 19:42:32,797] {standard_task_runner.py:76} INFO - Running: ['***', 'tasks', 'run', 'data_ingestion_fhv_data', 'format_to_parquet_task', 'scheduled__2019-01-01T00:00:00+00:00', '--job-id', '349', '--raw', '--subdir', 'DAGS_FOLDER/data_ingestion_fhv_data.py', '--cfg-path', '/tmp/tmpbf5yhg97', '--error-file', '/tmp/tmpi4ekmojk']
[2022-01-31 19:42:32,812] {standard_task_runner.py:77} INFO - Job 349: Subtask format_to_parquet_task
[2022-01-31 19:42:33,176] {logging_mixin.py:109} INFO - Running <TaskInstance: data_ingestion_fhv_data.format_to_parquet_task scheduled__2019-01-01T00:00:00+00:00 [running]> on host d8f3de29471d
[2022-01-31 19:42:33,479] {warnings.py:110} WARNING - /home/***/.local/lib/python3.7/site-packages/***/utils/context.py:152: AirflowContextDeprecationWarning: Accessing 'execution_date' from the template is deprecated and will be removed in a future version. Please use 'data_interval_start' or 'logical_date' instead.
  warnings.warn(_create_deprecation_warning(key, self._deprecation_replacements[key]))

[2022-01-31 19:42:33,557] {taskinstance.py:1426} INFO - Exporting the following env vars:
AIRFLOW_CTX_DAG_OWNER=***
AIRFLOW_CTX_DAG_ID=data_ingestion_fhv_data
AIRFLOW_CTX_TASK_ID=format_to_parquet_task
AIRFLOW_CTX_EXECUTION_DATE=2019-01-01T00:00:00+00:00
AIRFLOW_CTX_DAG_RUN_ID=scheduled__2019-01-01T00:00:00+00:00
[2022-01-31 19:43:45,380] {python.py:175} INFO - Done. Returned value was: None
[2022-01-31 19:43:46,488] {taskinstance.py:1277} INFO - Marking task as SUCCESS. dag_id=data_ingestion_fhv_data, task_id=format_to_parquet_task, execution_date=20190101T000000, start_date=20220131T194232, end_date=20220131T194346
[2022-01-31 19:43:48,848] {local_task_job.py:212} WARNING - State of this instance has been externally set to success. Terminating instance.
[2022-01-31 19:43:49,017] {process_utils.py:124} INFO - Sending Signals.SIGTERM to group 4424. PIDs of all processes in the group: [4424]
[2022-01-31 19:43:49,034] {process_utils.py:75} INFO - Sending the signal Signals.SIGTERM to group 4424
[2022-01-31 19:43:55,058] {process_utils.py:70} INFO - Process psutil.Process(pid=4424, status='terminated', exitcode=0, started='19:42:32') (4424) terminated with exit code 0
