[2022-01-31 17:36:29,235] {taskinstance.py:1032} INFO - Dependencies all met for <TaskInstance: data_ingestion_fhv_data.format_to_parquet_task scheduled__2019-02-01T00:00:00+00:00 [queued]>
[2022-01-31 17:36:29,292] {taskinstance.py:1032} INFO - Dependencies all met for <TaskInstance: data_ingestion_fhv_data.format_to_parquet_task scheduled__2019-02-01T00:00:00+00:00 [queued]>
[2022-01-31 17:36:29,296] {taskinstance.py:1238} INFO - 
--------------------------------------------------------------------------------
[2022-01-31 17:36:29,297] {taskinstance.py:1239} INFO - Starting attempt 1 of 2
[2022-01-31 17:36:29,299] {taskinstance.py:1240} INFO - 
--------------------------------------------------------------------------------
[2022-01-31 17:36:29,360] {taskinstance.py:1259} INFO - Executing <Task(PythonOperator): format_to_parquet_task> on 2019-02-01 00:00:00+00:00
[2022-01-31 17:36:29,381] {standard_task_runner.py:52} INFO - Started process 902 to run task
[2022-01-31 17:36:29,399] {standard_task_runner.py:76} INFO - Running: ['***', 'tasks', 'run', 'data_ingestion_fhv_data', 'format_to_parquet_task', 'scheduled__2019-02-01T00:00:00+00:00', '--job-id', '289', '--raw', '--subdir', 'DAGS_FOLDER/data_ingestion_fhv_data.py', '--cfg-path', '/tmp/tmp1h6ffisj', '--error-file', '/tmp/tmp4oja2o3x']
[2022-01-31 17:36:29,403] {standard_task_runner.py:77} INFO - Job 289: Subtask format_to_parquet_task
[2022-01-31 17:36:29,621] {logging_mixin.py:109} INFO - Running <TaskInstance: data_ingestion_fhv_data.format_to_parquet_task scheduled__2019-02-01T00:00:00+00:00 [running]> on host 943e1344cac5
[2022-01-31 17:36:29,868] {warnings.py:110} WARNING - /home/***/.local/lib/python3.7/site-packages/***/utils/context.py:152: AirflowContextDeprecationWarning: Accessing 'execution_date' from the template is deprecated and will be removed in a future version. Please use 'data_interval_start' or 'logical_date' instead.
  warnings.warn(_create_deprecation_warning(key, self._deprecation_replacements[key]))

[2022-01-31 17:36:29,960] {taskinstance.py:1426} INFO - Exporting the following env vars:
AIRFLOW_CTX_DAG_OWNER=***
AIRFLOW_CTX_DAG_ID=data_ingestion_fhv_data
AIRFLOW_CTX_TASK_ID=format_to_parquet_task
AIRFLOW_CTX_EXECUTION_DATE=2019-02-01T00:00:00+00:00
AIRFLOW_CTX_DAG_RUN_ID=scheduled__2019-02-01T00:00:00+00:00
[2022-01-31 17:36:34,521] {python.py:175} INFO - Done. Returned value was: None
[2022-01-31 17:36:34,713] {taskinstance.py:1277} INFO - Marking task as SUCCESS. dag_id=data_ingestion_fhv_data, task_id=format_to_parquet_task, execution_date=20190201T000000, start_date=20220131T173629, end_date=20220131T173634
[2022-01-31 17:36:35,137] {local_task_job.py:154} INFO - Task exited with return code 0
[2022-01-31 17:36:35,596] {local_task_job.py:264} INFO - 0 downstream tasks scheduled from follow-on schedule check
