[2022-01-28 17:40:44,779] {taskinstance.py:1032} INFO - Dependencies all met for <TaskInstance: data_ingestion_gcs_dag.format_to_parquet_task manual__2022-01-28T17:38:17.257914+00:00 [queued]>
[2022-01-28 17:40:44,825] {taskinstance.py:1032} INFO - Dependencies all met for <TaskInstance: data_ingestion_gcs_dag.format_to_parquet_task manual__2022-01-28T17:38:17.257914+00:00 [queued]>
[2022-01-28 17:40:44,826] {taskinstance.py:1238} INFO - 
--------------------------------------------------------------------------------
[2022-01-28 17:40:44,827] {taskinstance.py:1239} INFO - Starting attempt 1 of 2
[2022-01-28 17:40:44,828] {taskinstance.py:1240} INFO - 
--------------------------------------------------------------------------------
[2022-01-28 17:40:44,871] {taskinstance.py:1259} INFO - Executing <Task(PythonOperator): format_to_parquet_task> on 2022-01-28 17:38:17.257914+00:00
[2022-01-28 17:40:44,882] {standard_task_runner.py:52} INFO - Started process 445 to run task
[2022-01-28 17:40:44,892] {standard_task_runner.py:76} INFO - Running: ['***', 'tasks', 'run', 'data_ingestion_gcs_dag', 'format_to_parquet_task', 'manual__2022-01-28T17:38:17.257914+00:00', '--job-id', '21', '--raw', '--subdir', 'DAGS_FOLDER/data_ingestion_gcs_dag.py', '--cfg-path', '/tmp/tmp3bgn_0p0', '--error-file', '/tmp/tmpbsu6dz0w']
[2022-01-28 17:40:44,895] {standard_task_runner.py:77} INFO - Job 21: Subtask format_to_parquet_task
[2022-01-28 17:40:45,038] {logging_mixin.py:109} INFO - Running <TaskInstance: data_ingestion_gcs_dag.format_to_parquet_task manual__2022-01-28T17:38:17.257914+00:00 [running]> on host e3cc4d0d5670
[2022-01-28 17:40:45,205] {taskinstance.py:1426} INFO - Exporting the following env vars:
AIRFLOW_CTX_DAG_OWNER=***
AIRFLOW_CTX_DAG_ID=data_ingestion_gcs_dag
AIRFLOW_CTX_TASK_ID=format_to_parquet_task
AIRFLOW_CTX_EXECUTION_DATE=2022-01-28T17:38:17.257914+00:00
AIRFLOW_CTX_DAG_RUN_ID=manual__2022-01-28T17:38:17.257914+00:00
[2022-01-28 17:40:51,426] {python.py:175} INFO - Done. Returned value was: None
[2022-01-28 17:40:51,492] {taskinstance.py:1277} INFO - Marking task as SUCCESS. dag_id=data_ingestion_gcs_dag, task_id=format_to_parquet_task, execution_date=20220128T173817, start_date=20220128T174044, end_date=20220128T174051
[2022-01-28 17:40:52,016] {local_task_job.py:154} INFO - Task exited with return code 0
[2022-01-28 17:40:52,354] {local_task_job.py:264} INFO - 0 downstream tasks scheduled from follow-on schedule check
