[2022-01-28 19:11:44,634] {taskinstance.py:1032} INFO - Dependencies all met for <TaskInstance: data_ingestion_gcs_dag.local_to_gcs_task manual__2022-01-28T19:09:02.329839+00:00 [queued]>
[2022-01-28 19:11:44,678] {taskinstance.py:1032} INFO - Dependencies all met for <TaskInstance: data_ingestion_gcs_dag.local_to_gcs_task manual__2022-01-28T19:09:02.329839+00:00 [queued]>
[2022-01-28 19:11:44,680] {taskinstance.py:1238} INFO - 
--------------------------------------------------------------------------------
[2022-01-28 19:11:44,683] {taskinstance.py:1239} INFO - Starting attempt 1 of 2
[2022-01-28 19:11:44,686] {taskinstance.py:1240} INFO - 
--------------------------------------------------------------------------------
[2022-01-28 19:11:44,734] {taskinstance.py:1259} INFO - Executing <Task(PythonOperator): local_to_gcs_task> on 2022-01-28 19:09:02.329839+00:00
[2022-01-28 19:11:44,747] {standard_task_runner.py:52} INFO - Started process 423 to run task
[2022-01-28 19:11:44,762] {standard_task_runner.py:76} INFO - Running: ['***', 'tasks', 'run', 'data_ingestion_gcs_dag', 'local_to_gcs_task', 'manual__2022-01-28T19:09:02.329839+00:00', '--job-id', '28', '--raw', '--subdir', 'DAGS_FOLDER/data_ingestion_gcs_dag.py', '--cfg-path', '/tmp/tmpsqi2dy84', '--error-file', '/tmp/tmpeac5txrv']
[2022-01-28 19:11:44,766] {standard_task_runner.py:77} INFO - Job 28: Subtask local_to_gcs_task
[2022-01-28 19:11:44,906] {logging_mixin.py:109} INFO - Running <TaskInstance: data_ingestion_gcs_dag.local_to_gcs_task manual__2022-01-28T19:09:02.329839+00:00 [running]> on host 0a3230fb4177
[2022-01-28 19:11:45,075] {taskinstance.py:1426} INFO - Exporting the following env vars:
AIRFLOW_CTX_DAG_OWNER=***
AIRFLOW_CTX_DAG_ID=data_ingestion_gcs_dag
AIRFLOW_CTX_TASK_ID=local_to_gcs_task
AIRFLOW_CTX_EXECUTION_DATE=2022-01-28T19:09:02.329839+00:00
AIRFLOW_CTX_DAG_RUN_ID=manual__2022-01-28T19:09:02.329839+00:00
[2022-01-28 19:11:53,072] {python.py:175} INFO - Done. Returned value was: None
[2022-01-28 19:11:53,128] {taskinstance.py:1277} INFO - Marking task as SUCCESS. dag_id=data_ingestion_gcs_dag, task_id=local_to_gcs_task, execution_date=20220128T190902, start_date=20220128T191144, end_date=20220128T191153
[2022-01-28 19:11:53,333] {local_task_job.py:154} INFO - Task exited with return code 0
[2022-01-28 19:11:53,509] {local_task_job.py:264} INFO - 0 downstream tasks scheduled from follow-on schedule check
