[2022-01-30 16:53:14,588] {taskinstance.py:1032} INFO - Dependencies all met for <TaskInstance: data_ingestion_gcs_dag.local_to_gcs_task scheduled__2022-01-29T00:00:00+00:00 [queued]>
[2022-01-30 16:53:14,639] {taskinstance.py:1032} INFO - Dependencies all met for <TaskInstance: data_ingestion_gcs_dag.local_to_gcs_task scheduled__2022-01-29T00:00:00+00:00 [queued]>
[2022-01-30 16:53:14,641] {taskinstance.py:1238} INFO - 
--------------------------------------------------------------------------------
[2022-01-30 16:53:14,642] {taskinstance.py:1239} INFO - Starting attempt 1 of 2
[2022-01-30 16:53:14,643] {taskinstance.py:1240} INFO - 
--------------------------------------------------------------------------------
[2022-01-30 16:53:14,697] {taskinstance.py:1259} INFO - Executing <Task(PythonOperator): local_to_gcs_task> on 2022-01-29 00:00:00+00:00
[2022-01-30 16:53:14,715] {standard_task_runner.py:52} INFO - Started process 389 to run task
[2022-01-30 16:53:14,732] {standard_task_runner.py:76} INFO - Running: ['***', 'tasks', 'run', 'data_ingestion_gcs_dag', 'local_to_gcs_task', 'scheduled__2022-01-29T00:00:00+00:00', '--job-id', '36', '--raw', '--subdir', 'DAGS_FOLDER/data_ingestion_gcs_dag.py', '--cfg-path', '/tmp/tmpd3qesz_o', '--error-file', '/tmp/tmpql3ojj9f']
[2022-01-30 16:53:14,739] {standard_task_runner.py:77} INFO - Job 36: Subtask local_to_gcs_task
[2022-01-30 16:53:14,989] {logging_mixin.py:109} INFO - Running <TaskInstance: data_ingestion_gcs_dag.local_to_gcs_task scheduled__2022-01-29T00:00:00+00:00 [running]> on host 51fb23ff9290
[2022-01-30 16:53:15,243] {taskinstance.py:1426} INFO - Exporting the following env vars:
AIRFLOW_CTX_DAG_OWNER=***
AIRFLOW_CTX_DAG_ID=data_ingestion_gcs_dag
AIRFLOW_CTX_TASK_ID=local_to_gcs_task
AIRFLOW_CTX_EXECUTION_DATE=2022-01-29T00:00:00+00:00
AIRFLOW_CTX_DAG_RUN_ID=scheduled__2022-01-29T00:00:00+00:00
[2022-01-30 16:53:28,086] {python.py:175} INFO - Done. Returned value was: None
[2022-01-30 16:53:28,164] {taskinstance.py:1277} INFO - Marking task as SUCCESS. dag_id=data_ingestion_gcs_dag, task_id=local_to_gcs_task, execution_date=20220129T000000, start_date=20220130T165314, end_date=20220130T165328
[2022-01-30 16:53:28,290] {local_task_job.py:154} INFO - Task exited with return code 0
[2022-01-30 16:53:28,455] {local_task_job.py:264} INFO - 0 downstream tasks scheduled from follow-on schedule check
