[2022-01-31 17:29:10,908] {taskinstance.py:1032} INFO - Dependencies all met for <TaskInstance: data_ingestion_gcs_time_zone.local_to_gcs_task manual__2022-01-31T17:27:58.079997+00:00 [queued]>
[2022-01-31 17:29:11,167] {taskinstance.py:1032} INFO - Dependencies all met for <TaskInstance: data_ingestion_gcs_time_zone.local_to_gcs_task manual__2022-01-31T17:27:58.079997+00:00 [queued]>
[2022-01-31 17:29:11,178] {taskinstance.py:1238} INFO - 
--------------------------------------------------------------------------------
[2022-01-31 17:29:11,180] {taskinstance.py:1239} INFO - Starting attempt 1 of 2
[2022-01-31 17:29:11,183] {taskinstance.py:1240} INFO - 
--------------------------------------------------------------------------------
[2022-01-31 17:29:11,444] {taskinstance.py:1259} INFO - Executing <Task(PythonOperator): local_to_gcs_task> on 2022-01-31 17:27:58.079997+00:00
[2022-01-31 17:29:11,492] {standard_task_runner.py:52} INFO - Started process 489 to run task
[2022-01-31 17:29:11,520] {standard_task_runner.py:76} INFO - Running: ['***', 'tasks', 'run', 'data_ingestion_gcs_time_zone', 'local_to_gcs_task', 'manual__2022-01-31T17:27:58.079997+00:00', '--job-id', '283', '--raw', '--subdir', 'DAGS_FOLDER/data_ingestion_time_zone.py', '--cfg-path', '/tmp/tmpix1i2jff', '--error-file', '/tmp/tmpuv2z07l9']
[2022-01-31 17:29:11,532] {standard_task_runner.py:77} INFO - Job 283: Subtask local_to_gcs_task
[2022-01-31 17:29:12,131] {logging_mixin.py:109} INFO - Running <TaskInstance: data_ingestion_gcs_time_zone.local_to_gcs_task manual__2022-01-31T17:27:58.079997+00:00 [running]> on host 943e1344cac5
[2022-01-31 17:29:12,953] {taskinstance.py:1426} INFO - Exporting the following env vars:
AIRFLOW_CTX_DAG_OWNER=***
AIRFLOW_CTX_DAG_ID=data_ingestion_gcs_time_zone
AIRFLOW_CTX_TASK_ID=local_to_gcs_task
AIRFLOW_CTX_EXECUTION_DATE=2022-01-31T17:27:58.079997+00:00
AIRFLOW_CTX_DAG_RUN_ID=manual__2022-01-31T17:27:58.079997+00:00
[2022-01-31 17:29:15,506] {python.py:175} INFO - Done. Returned value was: None
[2022-01-31 17:29:15,729] {taskinstance.py:1277} INFO - Marking task as SUCCESS. dag_id=data_ingestion_gcs_time_zone, task_id=local_to_gcs_task, execution_date=20220131T172758, start_date=20220131T172910, end_date=20220131T172915
[2022-01-31 17:29:16,116] {local_task_job.py:154} INFO - Task exited with return code 0
[2022-01-31 17:29:16,786] {local_task_job.py:264} INFO - 1 downstream tasks scheduled from follow-on schedule check
