[2022-01-31 17:29:43,577] {taskinstance.py:1032} INFO - Dependencies all met for <TaskInstance: data_ingestion_gcs_time_zone.remove_uploaded_file scheduled__2022-01-30T00:00:00+00:00 [queued]>
[2022-01-31 17:29:43,817] {taskinstance.py:1032} INFO - Dependencies all met for <TaskInstance: data_ingestion_gcs_time_zone.remove_uploaded_file scheduled__2022-01-30T00:00:00+00:00 [queued]>
[2022-01-31 17:29:43,828] {taskinstance.py:1238} INFO - 
--------------------------------------------------------------------------------
[2022-01-31 17:29:43,834] {taskinstance.py:1239} INFO - Starting attempt 1 of 2
[2022-01-31 17:29:43,837] {taskinstance.py:1240} INFO - 
--------------------------------------------------------------------------------
[2022-01-31 17:29:44,015] {taskinstance.py:1259} INFO - Executing <Task(BashOperator): remove_uploaded_file> on 2022-01-30 00:00:00+00:00
[2022-01-31 17:29:44,096] {standard_task_runner.py:52} INFO - Started process 517 to run task
[2022-01-31 17:29:44,141] {standard_task_runner.py:76} INFO - Running: ['***', 'tasks', 'run', 'data_ingestion_gcs_time_zone', 'remove_uploaded_file', 'scheduled__2022-01-30T00:00:00+00:00', '--job-id', '285', '--raw', '--subdir', 'DAGS_FOLDER/data_ingestion_time_zone.py', '--cfg-path', '/tmp/tmp5dz4c1ur', '--error-file', '/tmp/tmp9d_fmutf']
[2022-01-31 17:29:44,153] {standard_task_runner.py:77} INFO - Job 285: Subtask remove_uploaded_file
[2022-01-31 17:29:44,578] {logging_mixin.py:109} INFO - Running <TaskInstance: data_ingestion_gcs_time_zone.remove_uploaded_file scheduled__2022-01-30T00:00:00+00:00 [running]> on host 943e1344cac5
[2022-01-31 17:29:45,032] {taskinstance.py:1426} INFO - Exporting the following env vars:
AIRFLOW_CTX_DAG_OWNER=***
AIRFLOW_CTX_DAG_ID=data_ingestion_gcs_time_zone
AIRFLOW_CTX_TASK_ID=remove_uploaded_file
AIRFLOW_CTX_EXECUTION_DATE=2022-01-30T00:00:00+00:00
AIRFLOW_CTX_DAG_RUN_ID=scheduled__2022-01-30T00:00:00+00:00
[2022-01-31 17:29:45,040] {subprocess.py:62} INFO - Tmp dir root location: 
 /tmp
[2022-01-31 17:29:45,043] {subprocess.py:74} INFO - Running command: ['bash', '-c', 'rm /opt/***/taxi+_zone_lookup.csv /opt/***/taxi+_zone_lookup.parquet']
[2022-01-31 17:29:45,111] {subprocess.py:85} INFO - Output:
[2022-01-31 17:29:45,330] {subprocess.py:93} INFO - Command exited with return code 0
[2022-01-31 17:29:46,386] {taskinstance.py:1277} INFO - Marking task as SUCCESS. dag_id=data_ingestion_gcs_time_zone, task_id=remove_uploaded_file, execution_date=20220130T000000, start_date=20220131T172943, end_date=20220131T172946
[2022-01-31 17:29:46,723] {local_task_job.py:154} INFO - Task exited with return code 0
[2022-01-31 17:29:46,938] {local_task_job.py:264} INFO - 0 downstream tasks scheduled from follow-on schedule check
