[2022-01-28 19:11:57,401] {taskinstance.py:1032} INFO - Dependencies all met for <TaskInstance: data_ingestion_gcs_dag.bigquery_external_table_task manual__2022-01-28T19:09:02.329839+00:00 [queued]>
[2022-01-28 19:11:57,453] {taskinstance.py:1032} INFO - Dependencies all met for <TaskInstance: data_ingestion_gcs_dag.bigquery_external_table_task manual__2022-01-28T19:09:02.329839+00:00 [queued]>
[2022-01-28 19:11:57,455] {taskinstance.py:1238} INFO - 
--------------------------------------------------------------------------------
[2022-01-28 19:11:57,456] {taskinstance.py:1239} INFO - Starting attempt 1 of 2
[2022-01-28 19:11:57,458] {taskinstance.py:1240} INFO - 
--------------------------------------------------------------------------------
[2022-01-28 19:11:57,507] {taskinstance.py:1259} INFO - Executing <Task(BigQueryCreateExternalTableOperator): bigquery_external_table_task> on 2022-01-28 19:09:02.329839+00:00
[2022-01-28 19:11:57,517] {standard_task_runner.py:52} INFO - Started process 446 to run task
[2022-01-28 19:11:57,525] {standard_task_runner.py:76} INFO - Running: ['***', 'tasks', 'run', 'data_ingestion_gcs_dag', 'bigquery_external_table_task', 'manual__2022-01-28T19:09:02.329839+00:00', '--job-id', '29', '--raw', '--subdir', 'DAGS_FOLDER/data_ingestion_gcs_dag.py', '--cfg-path', '/tmp/tmp6w8et9t2', '--error-file', '/tmp/tmpq7mc3oz2']
[2022-01-28 19:11:57,528] {standard_task_runner.py:77} INFO - Job 29: Subtask bigquery_external_table_task
[2022-01-28 19:11:57,658] {logging_mixin.py:109} INFO - Running <TaskInstance: data_ingestion_gcs_dag.bigquery_external_table_task manual__2022-01-28T19:09:02.329839+00:00 [running]> on host 0a3230fb4177
[2022-01-28 19:11:57,824] {taskinstance.py:1426} INFO - Exporting the following env vars:
AIRFLOW_CTX_DAG_OWNER=***
AIRFLOW_CTX_DAG_ID=data_ingestion_gcs_dag
AIRFLOW_CTX_TASK_ID=bigquery_external_table_task
AIRFLOW_CTX_EXECUTION_DATE=2022-01-28T19:09:02.329839+00:00
AIRFLOW_CTX_DAG_RUN_ID=manual__2022-01-28T19:09:02.329839+00:00
[2022-01-28 19:11:57,832] {crypto.py:82} WARNING - empty cryptography key - values will not be stored encrypted.
[2022-01-28 19:11:58,873] {taskinstance.py:1277} INFO - Marking task as SUCCESS. dag_id=data_ingestion_gcs_dag, task_id=bigquery_external_table_task, execution_date=20220128T190902, start_date=20220128T191157, end_date=20220128T191158
[2022-01-28 19:11:58,957] {local_task_job.py:154} INFO - Task exited with return code 0
[2022-01-28 19:11:59,047] {local_task_job.py:264} INFO - 0 downstream tasks scheduled from follow-on schedule check
