[2022-01-31 18:57:22,285] {taskinstance.py:1032} INFO - Dependencies all met for <TaskInstance: data_ingestion_fhv_data.remove_uploaded_file scheduled__2019-07-01T00:00:00+00:00 [queued]>
[2022-01-31 18:57:22,340] {taskinstance.py:1032} INFO - Dependencies all met for <TaskInstance: data_ingestion_fhv_data.remove_uploaded_file scheduled__2019-07-01T00:00:00+00:00 [queued]>
[2022-01-31 18:57:22,342] {taskinstance.py:1238} INFO - 
--------------------------------------------------------------------------------
[2022-01-31 18:57:22,344] {taskinstance.py:1239} INFO - Starting attempt 1 of 2
[2022-01-31 18:57:22,345] {taskinstance.py:1240} INFO - 
--------------------------------------------------------------------------------
[2022-01-31 18:57:22,409] {taskinstance.py:1259} INFO - Executing <Task(BashOperator): remove_uploaded_file> on 2019-07-01 00:00:00+00:00
[2022-01-31 18:57:22,438] {standard_task_runner.py:52} INFO - Started process 1971 to run task
[2022-01-31 18:57:22,449] {standard_task_runner.py:76} INFO - Running: ['***', 'tasks', 'run', 'data_ingestion_fhv_data', 'remove_uploaded_file', 'scheduled__2019-07-01T00:00:00+00:00', '--job-id', '341', '--raw', '--subdir', 'DAGS_FOLDER/data_ingestion_fhv_data.py', '--cfg-path', '/tmp/tmpb8mfeaqy', '--error-file', '/tmp/tmpyrpx26pq']
[2022-01-31 18:57:22,453] {standard_task_runner.py:77} INFO - Job 341: Subtask remove_uploaded_file
[2022-01-31 18:57:22,814] {logging_mixin.py:109} INFO - Running <TaskInstance: data_ingestion_fhv_data.remove_uploaded_file scheduled__2019-07-01T00:00:00+00:00 [running]> on host d8f3de29471d
[2022-01-31 18:57:23,095] {warnings.py:110} WARNING - /home/***/.local/lib/python3.7/site-packages/***/utils/context.py:152: AirflowContextDeprecationWarning: Accessing 'execution_date' from the template is deprecated and will be removed in a future version. Please use 'data_interval_start' or 'logical_date' instead.
  warnings.warn(_create_deprecation_warning(key, self._deprecation_replacements[key]))

[2022-01-31 18:57:23,154] {taskinstance.py:1426} INFO - Exporting the following env vars:
AIRFLOW_CTX_DAG_OWNER=***
AIRFLOW_CTX_DAG_ID=data_ingestion_fhv_data
AIRFLOW_CTX_TASK_ID=remove_uploaded_file
AIRFLOW_CTX_EXECUTION_DATE=2019-07-01T00:00:00+00:00
AIRFLOW_CTX_DAG_RUN_ID=scheduled__2019-07-01T00:00:00+00:00
[2022-01-31 18:57:23,160] {subprocess.py:62} INFO - Tmp dir root location: 
 /tmp
[2022-01-31 18:57:23,163] {subprocess.py:74} INFO - Running command: ['bash', '-c', 'rm /opt/***/fhv_tripdata_2019-07.csv /opt/***/fhv_tripdata_2019-07.parquet']
[2022-01-31 18:57:23,188] {subprocess.py:85} INFO - Output:
[2022-01-31 18:57:23,476] {subprocess.py:93} INFO - Command exited with return code 0
[2022-01-31 18:57:23,626] {taskinstance.py:1277} INFO - Marking task as SUCCESS. dag_id=data_ingestion_fhv_data, task_id=remove_uploaded_file, execution_date=20190701T000000, start_date=20220131T185722, end_date=20220131T185723
[2022-01-31 18:57:23,777] {local_task_job.py:154} INFO - Task exited with return code 0
[2022-01-31 18:57:23,922] {local_task_job.py:264} INFO - 0 downstream tasks scheduled from follow-on schedule check
