[2022-01-31 18:18:14,978] {taskinstance.py:1032} INFO - Dependencies all met for <TaskInstance: data_ingestion_fhv_data.download_dataset_task scheduled__2019-08-01T00:00:00+00:00 [queued]>
[2022-01-31 18:18:15,259] {taskinstance.py:1032} INFO - Dependencies all met for <TaskInstance: data_ingestion_fhv_data.download_dataset_task scheduled__2019-08-01T00:00:00+00:00 [queued]>
[2022-01-31 18:18:15,262] {taskinstance.py:1238} INFO - 
--------------------------------------------------------------------------------
[2022-01-31 18:18:15,264] {taskinstance.py:1239} INFO - Starting attempt 1 of 2
[2022-01-31 18:18:15,268] {taskinstance.py:1240} INFO - 
--------------------------------------------------------------------------------
[2022-01-31 18:18:15,530] {taskinstance.py:1259} INFO - Executing <Task(BashOperator): download_dataset_task> on 2019-08-01 00:00:00+00:00
[2022-01-31 18:18:15,604] {standard_task_runner.py:52} INFO - Started process 186 to run task
[2022-01-31 18:18:15,680] {standard_task_runner.py:76} INFO - Running: ['***', 'tasks', 'run', 'data_ingestion_fhv_data', 'download_dataset_task', 'scheduled__2019-08-01T00:00:00+00:00', '--job-id', '313', '--raw', '--subdir', 'DAGS_FOLDER/data_ingestion_fhv_data.py', '--cfg-path', '/tmp/tmpgezwg1rp', '--error-file', '/tmp/tmpb5yjuueg']
[2022-01-31 18:18:15,698] {standard_task_runner.py:77} INFO - Job 313: Subtask download_dataset_task
[2022-01-31 18:18:16,095] {logging_mixin.py:109} INFO - Running <TaskInstance: data_ingestion_fhv_data.download_dataset_task scheduled__2019-08-01T00:00:00+00:00 [running]> on host 943e1344cac5
[2022-01-31 18:18:16,635] {warnings.py:110} WARNING - /home/***/.local/lib/python3.7/site-packages/***/utils/context.py:152: AirflowContextDeprecationWarning: Accessing 'execution_date' from the template is deprecated and will be removed in a future version. Please use 'data_interval_start' or 'logical_date' instead.
  warnings.warn(_create_deprecation_warning(key, self._deprecation_replacements[key]))

[2022-01-31 18:18:16,756] {taskinstance.py:1426} INFO - Exporting the following env vars:
AIRFLOW_CTX_DAG_OWNER=***
AIRFLOW_CTX_DAG_ID=data_ingestion_fhv_data
AIRFLOW_CTX_TASK_ID=download_dataset_task
AIRFLOW_CTX_EXECUTION_DATE=2019-08-01T00:00:00+00:00
AIRFLOW_CTX_DAG_RUN_ID=scheduled__2019-08-01T00:00:00+00:00
[2022-01-31 18:18:16,765] {subprocess.py:62} INFO - Tmp dir root location: 
 /tmp
[2022-01-31 18:18:16,771] {subprocess.py:74} INFO - Running command: ['bash', '-c', 'curl -sS https://nyc-tlc.s3.amazonaws.com/trip+data/fhv_tripdata_2019-08.csv > /opt/***/fhv_tripdata_2019-08.csv']
[2022-01-31 18:18:16,850] {subprocess.py:85} INFO - Output:
[2022-01-31 18:20:26,310] {subprocess.py:93} INFO - Command exited with return code 0
[2022-01-31 18:20:27,009] {taskinstance.py:1277} INFO - Marking task as SUCCESS. dag_id=data_ingestion_fhv_data, task_id=download_dataset_task, execution_date=20190801T000000, start_date=20220131T181814, end_date=20220131T182027
[2022-01-31 18:20:28,124] {local_task_job.py:154} INFO - Task exited with return code 0
[2022-01-31 18:20:29,411] {local_task_job.py:264} INFO - 1 downstream tasks scheduled from follow-on schedule check
