[2022-01-31 18:57:42,311] {taskinstance.py:1032} INFO - Dependencies all met for <TaskInstance: data_ingestion_fhv_data.download_dataset_task scheduled__2019-08-01T00:00:00+00:00 [queued]>
[2022-01-31 18:57:42,393] {taskinstance.py:1032} INFO - Dependencies all met for <TaskInstance: data_ingestion_fhv_data.download_dataset_task scheduled__2019-08-01T00:00:00+00:00 [queued]>
[2022-01-31 18:57:42,399] {taskinstance.py:1238} INFO - 
--------------------------------------------------------------------------------
[2022-01-31 18:57:42,402] {taskinstance.py:1239} INFO - Starting attempt 2 of 3
[2022-01-31 18:57:42,404] {taskinstance.py:1240} INFO - 
--------------------------------------------------------------------------------
[2022-01-31 18:57:42,499] {taskinstance.py:1259} INFO - Executing <Task(BashOperator): download_dataset_task> on 2019-08-01 00:00:00+00:00
[2022-01-31 18:57:42,533] {standard_task_runner.py:52} INFO - Started process 1998 to run task
[2022-01-31 18:57:42,557] {standard_task_runner.py:76} INFO - Running: ['***', 'tasks', 'run', 'data_ingestion_fhv_data', 'download_dataset_task', 'scheduled__2019-08-01T00:00:00+00:00', '--job-id', '342', '--raw', '--subdir', 'DAGS_FOLDER/data_ingestion_fhv_data.py', '--cfg-path', '/tmp/tmpb9_p1ka3', '--error-file', '/tmp/tmppz42c__9']
[2022-01-31 18:57:42,562] {standard_task_runner.py:77} INFO - Job 342: Subtask download_dataset_task
[2022-01-31 18:57:42,796] {logging_mixin.py:109} INFO - Running <TaskInstance: data_ingestion_fhv_data.download_dataset_task scheduled__2019-08-01T00:00:00+00:00 [running]> on host d8f3de29471d
[2022-01-31 18:57:43,096] {warnings.py:110} WARNING - /home/***/.local/lib/python3.7/site-packages/***/utils/context.py:152: AirflowContextDeprecationWarning: Accessing 'execution_date' from the template is deprecated and will be removed in a future version. Please use 'data_interval_start' or 'logical_date' instead.
  warnings.warn(_create_deprecation_warning(key, self._deprecation_replacements[key]))

[2022-01-31 18:57:43,192] {taskinstance.py:1426} INFO - Exporting the following env vars:
AIRFLOW_CTX_DAG_OWNER=***
AIRFLOW_CTX_DAG_ID=data_ingestion_fhv_data
AIRFLOW_CTX_TASK_ID=download_dataset_task
AIRFLOW_CTX_EXECUTION_DATE=2019-08-01T00:00:00+00:00
AIRFLOW_CTX_DAG_RUN_ID=scheduled__2019-08-01T00:00:00+00:00
[2022-01-31 18:57:43,198] {subprocess.py:62} INFO - Tmp dir root location: 
 /tmp
[2022-01-31 18:57:43,201] {subprocess.py:74} INFO - Running command: ['bash', '-c', 'curl -sS https://nyc-tlc.s3.amazonaws.com/trip+data/fhv_tripdata_2019-08.csv > /opt/***/fhv_tripdata_2019-08.csv']
[2022-01-31 18:57:43,241] {subprocess.py:85} INFO - Output:
[2022-01-31 18:59:38,585] {subprocess.py:93} INFO - Command exited with return code 0
[2022-01-31 18:59:38,723] {taskinstance.py:1277} INFO - Marking task as SUCCESS. dag_id=data_ingestion_fhv_data, task_id=download_dataset_task, execution_date=20190801T000000, start_date=20220131T185742, end_date=20220131T185938
[2022-01-31 18:59:38,889] {local_task_job.py:154} INFO - Task exited with return code 0
[2022-01-31 18:59:39,104] {local_task_job.py:264} INFO - 1 downstream tasks scheduled from follow-on schedule check
