[2022-01-31 18:57:06,732] {taskinstance.py:1032} INFO - Dependencies all met for <TaskInstance: data_ingestion_fhv_data.local_to_gcs_task scheduled__2019-07-01T00:00:00+00:00 [queued]>
[2022-01-31 18:57:06,843] {taskinstance.py:1032} INFO - Dependencies all met for <TaskInstance: data_ingestion_fhv_data.local_to_gcs_task scheduled__2019-07-01T00:00:00+00:00 [queued]>
[2022-01-31 18:57:06,847] {taskinstance.py:1238} INFO - 
--------------------------------------------------------------------------------
[2022-01-31 18:57:06,849] {taskinstance.py:1239} INFO - Starting attempt 5 of 6
[2022-01-31 18:57:06,852] {taskinstance.py:1240} INFO - 
--------------------------------------------------------------------------------
[2022-01-31 18:57:06,952] {taskinstance.py:1259} INFO - Executing <Task(PythonOperator): local_to_gcs_task> on 2019-07-01 00:00:00+00:00
[2022-01-31 18:57:06,970] {standard_task_runner.py:52} INFO - Started process 1956 to run task
[2022-01-31 18:57:07,010] {standard_task_runner.py:76} INFO - Running: ['***', 'tasks', 'run', 'data_ingestion_fhv_data', 'local_to_gcs_task', 'scheduled__2019-07-01T00:00:00+00:00', '--job-id', '340', '--raw', '--subdir', 'DAGS_FOLDER/data_ingestion_fhv_data.py', '--cfg-path', '/tmp/tmpzrrhokmm', '--error-file', '/tmp/tmpapky2sag']
[2022-01-31 18:57:07,018] {standard_task_runner.py:77} INFO - Job 340: Subtask local_to_gcs_task
[2022-01-31 18:57:07,301] {logging_mixin.py:109} INFO - Running <TaskInstance: data_ingestion_fhv_data.local_to_gcs_task scheduled__2019-07-01T00:00:00+00:00 [running]> on host d8f3de29471d
[2022-01-31 18:57:07,563] {warnings.py:110} WARNING - /home/***/.local/lib/python3.7/site-packages/***/utils/context.py:152: AirflowContextDeprecationWarning: Accessing 'execution_date' from the template is deprecated and will be removed in a future version. Please use 'data_interval_start' or 'logical_date' instead.
  warnings.warn(_create_deprecation_warning(key, self._deprecation_replacements[key]))

[2022-01-31 18:57:07,697] {taskinstance.py:1426} INFO - Exporting the following env vars:
AIRFLOW_CTX_DAG_OWNER=***
AIRFLOW_CTX_DAG_ID=data_ingestion_fhv_data
AIRFLOW_CTX_TASK_ID=local_to_gcs_task
AIRFLOW_CTX_EXECUTION_DATE=2019-07-01T00:00:00+00:00
AIRFLOW_CTX_DAG_RUN_ID=scheduled__2019-07-01T00:00:00+00:00
[2022-01-31 18:57:17,731] {python.py:175} INFO - Done. Returned value was: None
[2022-01-31 18:57:17,799] {taskinstance.py:1277} INFO - Marking task as SUCCESS. dag_id=data_ingestion_fhv_data, task_id=local_to_gcs_task, execution_date=20190701T000000, start_date=20220131T185706, end_date=20220131T185717
[2022-01-31 18:57:17,934] {local_task_job.py:154} INFO - Task exited with return code 0
[2022-01-31 18:57:18,043] {local_task_job.py:264} INFO - 0 downstream tasks scheduled from follow-on schedule check
