[2022-01-31 17:50:21,435] {taskinstance.py:1032} INFO - Dependencies all met for <TaskInstance: data_ingestion_fhv_data.format_to_parquet_task scheduled__2019-06-01T00:00:00+00:00 [queued]>
[2022-01-31 17:50:21,493] {taskinstance.py:1032} INFO - Dependencies all met for <TaskInstance: data_ingestion_fhv_data.format_to_parquet_task scheduled__2019-06-01T00:00:00+00:00 [queued]>
[2022-01-31 17:50:21,495] {taskinstance.py:1238} INFO - 
--------------------------------------------------------------------------------
[2022-01-31 17:50:21,497] {taskinstance.py:1239} INFO - Starting attempt 1 of 2
[2022-01-31 17:50:21,499] {taskinstance.py:1240} INFO - 
--------------------------------------------------------------------------------
[2022-01-31 17:50:21,563] {taskinstance.py:1259} INFO - Executing <Task(PythonOperator): format_to_parquet_task> on 2019-06-01 00:00:00+00:00
[2022-01-31 17:50:21,584] {standard_task_runner.py:52} INFO - Started process 1768 to run task
[2022-01-31 17:50:21,614] {standard_task_runner.py:76} INFO - Running: ['***', 'tasks', 'run', 'data_ingestion_fhv_data', 'format_to_parquet_task', 'scheduled__2019-06-01T00:00:00+00:00', '--job-id', '305', '--raw', '--subdir', 'DAGS_FOLDER/data_ingestion_fhv_data.py', '--cfg-path', '/tmp/tmpvs5cjxd4', '--error-file', '/tmp/tmp382kk_bh']
[2022-01-31 17:50:21,619] {standard_task_runner.py:77} INFO - Job 305: Subtask format_to_parquet_task
[2022-01-31 17:50:22,073] {logging_mixin.py:109} INFO - Running <TaskInstance: data_ingestion_fhv_data.format_to_parquet_task scheduled__2019-06-01T00:00:00+00:00 [running]> on host 943e1344cac5
[2022-01-31 17:50:22,393] {warnings.py:110} WARNING - /home/***/.local/lib/python3.7/site-packages/***/utils/context.py:152: AirflowContextDeprecationWarning: Accessing 'execution_date' from the template is deprecated and will be removed in a future version. Please use 'data_interval_start' or 'logical_date' instead.
  warnings.warn(_create_deprecation_warning(key, self._deprecation_replacements[key]))

[2022-01-31 17:50:22,461] {taskinstance.py:1426} INFO - Exporting the following env vars:
AIRFLOW_CTX_DAG_OWNER=***
AIRFLOW_CTX_DAG_ID=data_ingestion_fhv_data
AIRFLOW_CTX_TASK_ID=format_to_parquet_task
AIRFLOW_CTX_EXECUTION_DATE=2019-06-01T00:00:00+00:00
AIRFLOW_CTX_DAG_RUN_ID=scheduled__2019-06-01T00:00:00+00:00
[2022-01-31 17:50:26,636] {python.py:175} INFO - Done. Returned value was: None
[2022-01-31 17:50:26,723] {taskinstance.py:1277} INFO - Marking task as SUCCESS. dag_id=data_ingestion_fhv_data, task_id=format_to_parquet_task, execution_date=20190601T000000, start_date=20220131T175021, end_date=20220131T175026
[2022-01-31 17:50:27,041] {local_task_job.py:154} INFO - Task exited with return code 0
[2022-01-31 17:50:27,212] {local_task_job.py:264} INFO - 1 downstream tasks scheduled from follow-on schedule check
