[2022-01-31 18:46:46,790] {taskinstance.py:1032} INFO - Dependencies all met for <TaskInstance: data_ingestion_fhv_data.format_to_parquet_task scheduled__2019-11-01T00:00:00+00:00 [queued]>
[2022-01-31 18:46:46,872] {taskinstance.py:1032} INFO - Dependencies all met for <TaskInstance: data_ingestion_fhv_data.format_to_parquet_task scheduled__2019-11-01T00:00:00+00:00 [queued]>
[2022-01-31 18:46:46,874] {taskinstance.py:1238} INFO - 
--------------------------------------------------------------------------------
[2022-01-31 18:46:46,876] {taskinstance.py:1239} INFO - Starting attempt 1 of 2
[2022-01-31 18:46:46,878] {taskinstance.py:1240} INFO - 
--------------------------------------------------------------------------------
[2022-01-31 18:46:46,957] {taskinstance.py:1259} INFO - Executing <Task(PythonOperator): format_to_parquet_task> on 2019-11-01 00:00:00+00:00
[2022-01-31 18:46:47,007] {standard_task_runner.py:52} INFO - Started process 1330 to run task
[2022-01-31 18:46:47,047] {standard_task_runner.py:76} INFO - Running: ['***', 'tasks', 'run', 'data_ingestion_fhv_data', 'format_to_parquet_task', 'scheduled__2019-11-01T00:00:00+00:00', '--job-id', '330', '--raw', '--subdir', 'DAGS_FOLDER/data_ingestion_fhv_data.py', '--cfg-path', '/tmp/tmp1ef3aqlt', '--error-file', '/tmp/tmpsle5uj14']
[2022-01-31 18:46:47,057] {standard_task_runner.py:77} INFO - Job 330: Subtask format_to_parquet_task
[2022-01-31 18:46:47,499] {logging_mixin.py:109} INFO - Running <TaskInstance: data_ingestion_fhv_data.format_to_parquet_task scheduled__2019-11-01T00:00:00+00:00 [running]> on host d8f3de29471d
[2022-01-31 18:46:48,090] {warnings.py:110} WARNING - /home/***/.local/lib/python3.7/site-packages/***/utils/context.py:152: AirflowContextDeprecationWarning: Accessing 'execution_date' from the template is deprecated and will be removed in a future version. Please use 'data_interval_start' or 'logical_date' instead.
  warnings.warn(_create_deprecation_warning(key, self._deprecation_replacements[key]))

[2022-01-31 18:46:48,312] {taskinstance.py:1426} INFO - Exporting the following env vars:
AIRFLOW_CTX_DAG_OWNER=***
AIRFLOW_CTX_DAG_ID=data_ingestion_fhv_data
AIRFLOW_CTX_TASK_ID=format_to_parquet_task
AIRFLOW_CTX_EXECUTION_DATE=2019-11-01T00:00:00+00:00
AIRFLOW_CTX_DAG_RUN_ID=scheduled__2019-11-01T00:00:00+00:00
[2022-01-31 18:46:51,832] {python.py:175} INFO - Done. Returned value was: None
[2022-01-31 18:46:51,918] {taskinstance.py:1277} INFO - Marking task as SUCCESS. dag_id=data_ingestion_fhv_data, task_id=format_to_parquet_task, execution_date=20191101T000000, start_date=20220131T184646, end_date=20220131T184651
[2022-01-31 18:46:52,316] {local_task_job.py:154} INFO - Task exited with return code 0
[2022-01-31 18:46:52,484] {local_task_job.py:264} INFO - 1 downstream tasks scheduled from follow-on schedule check
