[2022-01-31 17:28:20,830] {taskinstance.py:1032} INFO - Dependencies all met for <TaskInstance: data_ingestion_gcs_time_zone.download_dataset_task manual__2022-01-31T17:27:58.079997+00:00 [queued]>
[2022-01-31 17:28:20,895] {taskinstance.py:1032} INFO - Dependencies all met for <TaskInstance: data_ingestion_gcs_time_zone.download_dataset_task manual__2022-01-31T17:27:58.079997+00:00 [queued]>
[2022-01-31 17:28:20,899] {taskinstance.py:1238} INFO - 
--------------------------------------------------------------------------------
[2022-01-31 17:28:20,901] {taskinstance.py:1239} INFO - Starting attempt 1 of 2
[2022-01-31 17:28:20,904] {taskinstance.py:1240} INFO - 
--------------------------------------------------------------------------------
[2022-01-31 17:28:20,974] {taskinstance.py:1259} INFO - Executing <Task(BashOperator): download_dataset_task> on 2022-01-31 17:27:58.079997+00:00
[2022-01-31 17:28:20,999] {standard_task_runner.py:52} INFO - Started process 381 to run task
[2022-01-31 17:28:21,027] {standard_task_runner.py:76} INFO - Running: ['***', 'tasks', 'run', 'data_ingestion_gcs_time_zone', 'download_dataset_task', 'manual__2022-01-31T17:27:58.079997+00:00', '--job-id', '278', '--raw', '--subdir', 'DAGS_FOLDER/data_ingestion_time_zone.py', '--cfg-path', '/tmp/tmp3p2hji2y', '--error-file', '/tmp/tmpxp9ekbcq']
[2022-01-31 17:28:21,033] {standard_task_runner.py:77} INFO - Job 278: Subtask download_dataset_task
[2022-01-31 17:28:21,369] {logging_mixin.py:109} INFO - Running <TaskInstance: data_ingestion_gcs_time_zone.download_dataset_task manual__2022-01-31T17:27:58.079997+00:00 [running]> on host 943e1344cac5
[2022-01-31 17:28:21,665] {taskinstance.py:1426} INFO - Exporting the following env vars:
AIRFLOW_CTX_DAG_OWNER=***
AIRFLOW_CTX_DAG_ID=data_ingestion_gcs_time_zone
AIRFLOW_CTX_TASK_ID=download_dataset_task
AIRFLOW_CTX_EXECUTION_DATE=2022-01-31T17:27:58.079997+00:00
AIRFLOW_CTX_DAG_RUN_ID=manual__2022-01-31T17:27:58.079997+00:00
[2022-01-31 17:28:21,673] {subprocess.py:62} INFO - Tmp dir root location: 
 /tmp
[2022-01-31 17:28:21,677] {subprocess.py:74} INFO - Running command: ['bash', '-c', 'curl -sS https://s3.amazonaws.com/nyc-tlc/misc/taxi+_zone_lookup.csv > /opt/***/taxi+_zone_lookup.csv']
[2022-01-31 17:28:21,722] {subprocess.py:85} INFO - Output:
[2022-01-31 17:28:22,863] {subprocess.py:93} INFO - Command exited with return code 0
[2022-01-31 17:28:23,025] {taskinstance.py:1277} INFO - Marking task as SUCCESS. dag_id=data_ingestion_gcs_time_zone, task_id=download_dataset_task, execution_date=20220131T172758, start_date=20220131T172820, end_date=20220131T172823
[2022-01-31 17:28:23,195] {local_task_job.py:154} INFO - Task exited with return code 0
[2022-01-31 17:28:23,434] {local_task_job.py:264} INFO - 1 downstream tasks scheduled from follow-on schedule check
