[2022-01-31 19:28:20,691] {taskinstance.py:1032} INFO - Dependencies all met for <TaskInstance: data_ingestion_fhv_data.remove_uploaded_file scheduled__2019-08-01T00:00:00+00:00 [queued]>
[2022-01-31 19:28:20,757] {taskinstance.py:1032} INFO - Dependencies all met for <TaskInstance: data_ingestion_fhv_data.remove_uploaded_file scheduled__2019-08-01T00:00:00+00:00 [queued]>
[2022-01-31 19:28:20,760] {taskinstance.py:1238} INFO - 
--------------------------------------------------------------------------------
[2022-01-31 19:28:20,763] {taskinstance.py:1239} INFO - Starting attempt 1 of 2
[2022-01-31 19:28:20,765] {taskinstance.py:1240} INFO - 
--------------------------------------------------------------------------------
[2022-01-31 19:28:20,875] {taskinstance.py:1259} INFO - Executing <Task(BashOperator): remove_uploaded_file> on 2019-08-01 00:00:00+00:00
[2022-01-31 19:28:20,905] {standard_task_runner.py:52} INFO - Started process 3644 to run task
[2022-01-31 19:28:20,927] {standard_task_runner.py:76} INFO - Running: ['***', 'tasks', 'run', 'data_ingestion_fhv_data', 'remove_uploaded_file', 'scheduled__2019-08-01T00:00:00+00:00', '--job-id', '347', '--raw', '--subdir', 'DAGS_FOLDER/data_ingestion_fhv_data.py', '--cfg-path', '/tmp/tmpj903s3tm', '--error-file', '/tmp/tmp31h380yo']
[2022-01-31 19:28:20,932] {standard_task_runner.py:77} INFO - Job 347: Subtask remove_uploaded_file
[2022-01-31 19:28:21,778] {logging_mixin.py:109} INFO - Running <TaskInstance: data_ingestion_fhv_data.remove_uploaded_file scheduled__2019-08-01T00:00:00+00:00 [running]> on host d8f3de29471d
[2022-01-31 19:28:22,297] {warnings.py:110} WARNING - /home/***/.local/lib/python3.7/site-packages/***/utils/context.py:152: AirflowContextDeprecationWarning: Accessing 'execution_date' from the template is deprecated and will be removed in a future version. Please use 'data_interval_start' or 'logical_date' instead.
  warnings.warn(_create_deprecation_warning(key, self._deprecation_replacements[key]))

[2022-01-31 19:28:22,447] {taskinstance.py:1426} INFO - Exporting the following env vars:
AIRFLOW_CTX_DAG_OWNER=***
AIRFLOW_CTX_DAG_ID=data_ingestion_fhv_data
AIRFLOW_CTX_TASK_ID=remove_uploaded_file
AIRFLOW_CTX_EXECUTION_DATE=2019-08-01T00:00:00+00:00
AIRFLOW_CTX_DAG_RUN_ID=scheduled__2019-08-01T00:00:00+00:00
[2022-01-31 19:28:22,455] {subprocess.py:62} INFO - Tmp dir root location: 
 /tmp
[2022-01-31 19:28:22,463] {subprocess.py:74} INFO - Running command: ['bash', '-c', 'rm /opt/***/fhv_tripdata_2019-08.csv /opt/***/fhv_tripdata_2019-08.parquet']
[2022-01-31 19:28:22,587] {subprocess.py:85} INFO - Output:
[2022-01-31 19:28:23,276] {subprocess.py:93} INFO - Command exited with return code 0
[2022-01-31 19:28:23,599] {taskinstance.py:1277} INFO - Marking task as SUCCESS. dag_id=data_ingestion_fhv_data, task_id=remove_uploaded_file, execution_date=20190801T000000, start_date=20220131T192820, end_date=20220131T192823
[2022-01-31 19:28:24,103] {local_task_job.py:154} INFO - Task exited with return code 0
[2022-01-31 19:28:24,804] {local_task_job.py:264} INFO - 0 downstream tasks scheduled from follow-on schedule check
