[2022-01-31 18:49:17,164] {taskinstance.py:1032} INFO - Dependencies all met for <TaskInstance: data_ingestion_fhv_data.format_to_parquet_task scheduled__2019-12-01T00:00:00+00:00 [queued]>
[2022-01-31 18:49:17,204] {taskinstance.py:1032} INFO - Dependencies all met for <TaskInstance: data_ingestion_fhv_data.format_to_parquet_task scheduled__2019-12-01T00:00:00+00:00 [queued]>
[2022-01-31 18:49:17,206] {taskinstance.py:1238} INFO - 
--------------------------------------------------------------------------------
[2022-01-31 18:49:17,207] {taskinstance.py:1239} INFO - Starting attempt 1 of 2
[2022-01-31 18:49:17,209] {taskinstance.py:1240} INFO - 
--------------------------------------------------------------------------------
[2022-01-31 18:49:17,250] {taskinstance.py:1259} INFO - Executing <Task(PythonOperator): format_to_parquet_task> on 2019-12-01 00:00:00+00:00
[2022-01-31 18:49:17,269] {standard_task_runner.py:52} INFO - Started process 1484 to run task
[2022-01-31 18:49:17,278] {standard_task_runner.py:76} INFO - Running: ['***', 'tasks', 'run', 'data_ingestion_fhv_data', 'format_to_parquet_task', 'scheduled__2019-12-01T00:00:00+00:00', '--job-id', '334', '--raw', '--subdir', 'DAGS_FOLDER/data_ingestion_fhv_data.py', '--cfg-path', '/tmp/tmpodq3g3l0', '--error-file', '/tmp/tmp4x_u5x62']
[2022-01-31 18:49:17,281] {standard_task_runner.py:77} INFO - Job 334: Subtask format_to_parquet_task
[2022-01-31 18:49:17,429] {logging_mixin.py:109} INFO - Running <TaskInstance: data_ingestion_fhv_data.format_to_parquet_task scheduled__2019-12-01T00:00:00+00:00 [running]> on host d8f3de29471d
[2022-01-31 18:49:17,589] {warnings.py:110} WARNING - /home/***/.local/lib/python3.7/site-packages/***/utils/context.py:152: AirflowContextDeprecationWarning: Accessing 'execution_date' from the template is deprecated and will be removed in a future version. Please use 'data_interval_start' or 'logical_date' instead.
  warnings.warn(_create_deprecation_warning(key, self._deprecation_replacements[key]))

[2022-01-31 18:49:17,641] {taskinstance.py:1426} INFO - Exporting the following env vars:
AIRFLOW_CTX_DAG_OWNER=***
AIRFLOW_CTX_DAG_ID=data_ingestion_fhv_data
AIRFLOW_CTX_TASK_ID=format_to_parquet_task
AIRFLOW_CTX_EXECUTION_DATE=2019-12-01T00:00:00+00:00
AIRFLOW_CTX_DAG_RUN_ID=scheduled__2019-12-01T00:00:00+00:00
[2022-01-31 18:49:20,630] {python.py:175} INFO - Done. Returned value was: None
[2022-01-31 18:49:20,903] {taskinstance.py:1277} INFO - Marking task as SUCCESS. dag_id=data_ingestion_fhv_data, task_id=format_to_parquet_task, execution_date=20191201T000000, start_date=20220131T184917, end_date=20220131T184920
[2022-01-31 18:49:21,538] {local_task_job.py:154} INFO - Task exited with return code 0
[2022-01-31 18:49:21,890] {local_task_job.py:264} INFO - 1 downstream tasks scheduled from follow-on schedule check
