[2022-01-28 19:09:17,643] {taskinstance.py:1032} INFO - Dependencies all met for <TaskInstance: data_ingestion_gcs_dag.download_dataset_task manual__2022-01-28T19:09:02.329839+00:00 [queued]>
[2022-01-28 19:09:17,712] {taskinstance.py:1032} INFO - Dependencies all met for <TaskInstance: data_ingestion_gcs_dag.download_dataset_task manual__2022-01-28T19:09:02.329839+00:00 [queued]>
[2022-01-28 19:09:17,715] {taskinstance.py:1238} INFO - 
--------------------------------------------------------------------------------
[2022-01-28 19:09:17,717] {taskinstance.py:1239} INFO - Starting attempt 1 of 2
[2022-01-28 19:09:17,719] {taskinstance.py:1240} INFO - 
--------------------------------------------------------------------------------
[2022-01-28 19:09:17,789] {taskinstance.py:1259} INFO - Executing <Task(BashOperator): download_dataset_task> on 2022-01-28 19:09:02.329839+00:00
[2022-01-28 19:09:17,815] {standard_task_runner.py:52} INFO - Started process 282 to run task
[2022-01-28 19:09:17,843] {standard_task_runner.py:76} INFO - Running: ['***', 'tasks', 'run', 'data_ingestion_gcs_dag', 'download_dataset_task', 'manual__2022-01-28T19:09:02.329839+00:00', '--job-id', '26', '--raw', '--subdir', 'DAGS_FOLDER/data_ingestion_gcs_dag.py', '--cfg-path', '/tmp/tmpr6ilekps', '--error-file', '/tmp/tmpd96gb1_5']
[2022-01-28 19:09:17,847] {standard_task_runner.py:77} INFO - Job 26: Subtask download_dataset_task
[2022-01-28 19:09:18,041] {logging_mixin.py:109} INFO - Running <TaskInstance: data_ingestion_gcs_dag.download_dataset_task manual__2022-01-28T19:09:02.329839+00:00 [running]> on host 0a3230fb4177
[2022-01-28 19:09:18,260] {taskinstance.py:1426} INFO - Exporting the following env vars:
AIRFLOW_CTX_DAG_OWNER=***
AIRFLOW_CTX_DAG_ID=data_ingestion_gcs_dag
AIRFLOW_CTX_TASK_ID=download_dataset_task
AIRFLOW_CTX_EXECUTION_DATE=2022-01-28T19:09:02.329839+00:00
AIRFLOW_CTX_DAG_RUN_ID=manual__2022-01-28T19:09:02.329839+00:00
[2022-01-28 19:09:18,266] {subprocess.py:62} INFO - Tmp dir root location: 
 /tmp
[2022-01-28 19:09:18,270] {subprocess.py:74} INFO - Running command: ['bash', '-c', 'curl -sS https://s3.amazonaws.com/nyc-tlc/trip+data/yellow_tripdata_2021-01.csv > /opt/***/yellow_tripdata_2021-01.csv']
[2022-01-28 19:09:18,296] {subprocess.py:85} INFO - Output:
[2022-01-28 19:11:24,809] {subprocess.py:93} INFO - Command exited with return code 0
[2022-01-28 19:11:24,905] {taskinstance.py:1277} INFO - Marking task as SUCCESS. dag_id=data_ingestion_gcs_dag, task_id=download_dataset_task, execution_date=20220128T190902, start_date=20220128T190917, end_date=20220128T191124
[2022-01-28 19:11:24,986] {local_task_job.py:154} INFO - Task exited with return code 0
[2022-01-28 19:11:25,184] {local_task_job.py:264} INFO - 0 downstream tasks scheduled from follow-on schedule check
