[2022-01-31 17:28:50,993] {taskinstance.py:1032} INFO - Dependencies all met for <TaskInstance: data_ingestion_gcs_time_zone.format_to_parquet_task scheduled__2022-01-30T00:00:00+00:00 [queued]>
[2022-01-31 17:28:51,177] {taskinstance.py:1032} INFO - Dependencies all met for <TaskInstance: data_ingestion_gcs_time_zone.format_to_parquet_task scheduled__2022-01-30T00:00:00+00:00 [queued]>
[2022-01-31 17:28:51,180] {taskinstance.py:1238} INFO - 
--------------------------------------------------------------------------------
[2022-01-31 17:28:51,182] {taskinstance.py:1239} INFO - Starting attempt 1 of 2
[2022-01-31 17:28:51,184] {taskinstance.py:1240} INFO - 
--------------------------------------------------------------------------------
[2022-01-31 17:28:51,411] {taskinstance.py:1259} INFO - Executing <Task(PythonOperator): format_to_parquet_task> on 2022-01-30 00:00:00+00:00
[2022-01-31 17:28:51,485] {standard_task_runner.py:52} INFO - Started process 449 to run task
[2022-01-31 17:28:51,546] {standard_task_runner.py:76} INFO - Running: ['***', 'tasks', 'run', 'data_ingestion_gcs_time_zone', 'format_to_parquet_task', 'scheduled__2022-01-30T00:00:00+00:00', '--job-id', '282', '--raw', '--subdir', 'DAGS_FOLDER/data_ingestion_time_zone.py', '--cfg-path', '/tmp/tmprtajx08j', '--error-file', '/tmp/tmpxk2b8674']
[2022-01-31 17:28:51,555] {standard_task_runner.py:77} INFO - Job 282: Subtask format_to_parquet_task
[2022-01-31 17:28:52,070] {logging_mixin.py:109} INFO - Running <TaskInstance: data_ingestion_gcs_time_zone.format_to_parquet_task scheduled__2022-01-30T00:00:00+00:00 [running]> on host 943e1344cac5
[2022-01-31 17:28:52,593] {taskinstance.py:1426} INFO - Exporting the following env vars:
AIRFLOW_CTX_DAG_OWNER=***
AIRFLOW_CTX_DAG_ID=data_ingestion_gcs_time_zone
AIRFLOW_CTX_TASK_ID=format_to_parquet_task
AIRFLOW_CTX_EXECUTION_DATE=2022-01-30T00:00:00+00:00
AIRFLOW_CTX_DAG_RUN_ID=scheduled__2022-01-30T00:00:00+00:00
[2022-01-31 17:28:53,749] {python.py:175} INFO - Done. Returned value was: None
[2022-01-31 17:28:53,853] {taskinstance.py:1277} INFO - Marking task as SUCCESS. dag_id=data_ingestion_gcs_time_zone, task_id=format_to_parquet_task, execution_date=20220130T000000, start_date=20220131T172850, end_date=20220131T172853
[2022-01-31 17:28:54,021] {local_task_job.py:154} INFO - Task exited with return code 0
[2022-01-31 17:28:54,422] {local_task_job.py:264} INFO - 1 downstream tasks scheduled from follow-on schedule check
