[2022-01-31 17:28:50,925] {taskinstance.py:1032} INFO - Dependencies all met for <TaskInstance: data_ingestion_gcs_time_zone.format_to_parquet_task manual__2022-01-31T17:27:58.079997+00:00 [queued]>
[2022-01-31 17:28:51,125] {taskinstance.py:1032} INFO - Dependencies all met for <TaskInstance: data_ingestion_gcs_time_zone.format_to_parquet_task manual__2022-01-31T17:27:58.079997+00:00 [queued]>
[2022-01-31 17:28:51,130] {taskinstance.py:1238} INFO - 
--------------------------------------------------------------------------------
[2022-01-31 17:28:51,132] {taskinstance.py:1239} INFO - Starting attempt 1 of 2
[2022-01-31 17:28:51,134] {taskinstance.py:1240} INFO - 
--------------------------------------------------------------------------------
[2022-01-31 17:28:51,292] {taskinstance.py:1259} INFO - Executing <Task(PythonOperator): format_to_parquet_task> on 2022-01-31 17:27:58.079997+00:00
[2022-01-31 17:28:51,386] {standard_task_runner.py:52} INFO - Started process 447 to run task
[2022-01-31 17:28:51,465] {standard_task_runner.py:76} INFO - Running: ['***', 'tasks', 'run', 'data_ingestion_gcs_time_zone', 'format_to_parquet_task', 'manual__2022-01-31T17:27:58.079997+00:00', '--job-id', '281', '--raw', '--subdir', 'DAGS_FOLDER/data_ingestion_time_zone.py', '--cfg-path', '/tmp/tmpygsrne0b', '--error-file', '/tmp/tmp2x0zxaii']
[2022-01-31 17:28:51,484] {standard_task_runner.py:77} INFO - Job 281: Subtask format_to_parquet_task
[2022-01-31 17:28:52,039] {logging_mixin.py:109} INFO - Running <TaskInstance: data_ingestion_gcs_time_zone.format_to_parquet_task manual__2022-01-31T17:27:58.079997+00:00 [running]> on host 943e1344cac5
[2022-01-31 17:28:52,624] {taskinstance.py:1426} INFO - Exporting the following env vars:
AIRFLOW_CTX_DAG_OWNER=***
AIRFLOW_CTX_DAG_ID=data_ingestion_gcs_time_zone
AIRFLOW_CTX_TASK_ID=format_to_parquet_task
AIRFLOW_CTX_EXECUTION_DATE=2022-01-31T17:27:58.079997+00:00
AIRFLOW_CTX_DAG_RUN_ID=manual__2022-01-31T17:27:58.079997+00:00
[2022-01-31 17:28:54,108] {python.py:175} INFO - Done. Returned value was: None
[2022-01-31 17:28:54,191] {taskinstance.py:1277} INFO - Marking task as SUCCESS. dag_id=data_ingestion_gcs_time_zone, task_id=format_to_parquet_task, execution_date=20220131T172758, start_date=20220131T172850, end_date=20220131T172854
[2022-01-31 17:28:54,446] {local_task_job.py:154} INFO - Task exited with return code 0
[2022-01-31 17:28:54,751] {local_task_job.py:264} INFO - 1 downstream tasks scheduled from follow-on schedule check
