[2022-01-31 17:39:44,988] {taskinstance.py:1032} INFO - Dependencies all met for <TaskInstance: data_ingestion_fhv_data.download_dataset_task scheduled__2019-04-01T00:00:00+00:00 [queued]>
[2022-01-31 17:39:45,048] {taskinstance.py:1032} INFO - Dependencies all met for <TaskInstance: data_ingestion_fhv_data.download_dataset_task scheduled__2019-04-01T00:00:00+00:00 [queued]>
[2022-01-31 17:39:45,050] {taskinstance.py:1238} INFO - 
--------------------------------------------------------------------------------
[2022-01-31 17:39:45,051] {taskinstance.py:1239} INFO - Starting attempt 1 of 2
[2022-01-31 17:39:45,052] {taskinstance.py:1240} INFO - 
--------------------------------------------------------------------------------
[2022-01-31 17:39:45,103] {taskinstance.py:1259} INFO - Executing <Task(BashOperator): download_dataset_task> on 2019-04-01 00:00:00+00:00
[2022-01-31 17:39:45,128] {standard_task_runner.py:52} INFO - Started process 1128 to run task
[2022-01-31 17:39:45,139] {standard_task_runner.py:76} INFO - Running: ['***', 'tasks', 'run', 'data_ingestion_fhv_data', 'download_dataset_task', 'scheduled__2019-04-01T00:00:00+00:00', '--job-id', '296', '--raw', '--subdir', 'DAGS_FOLDER/data_ingestion_fhv_data.py', '--cfg-path', '/tmp/tmpm_1bvwyu', '--error-file', '/tmp/tmp8fxvr4c2']
[2022-01-31 17:39:45,143] {standard_task_runner.py:77} INFO - Job 296: Subtask download_dataset_task
[2022-01-31 17:39:45,406] {logging_mixin.py:109} INFO - Running <TaskInstance: data_ingestion_fhv_data.download_dataset_task scheduled__2019-04-01T00:00:00+00:00 [running]> on host 943e1344cac5
[2022-01-31 17:39:45,630] {warnings.py:110} WARNING - /home/***/.local/lib/python3.7/site-packages/***/utils/context.py:152: AirflowContextDeprecationWarning: Accessing 'execution_date' from the template is deprecated and will be removed in a future version. Please use 'data_interval_start' or 'logical_date' instead.
  warnings.warn(_create_deprecation_warning(key, self._deprecation_replacements[key]))

[2022-01-31 17:39:45,710] {taskinstance.py:1426} INFO - Exporting the following env vars:
AIRFLOW_CTX_DAG_OWNER=***
AIRFLOW_CTX_DAG_ID=data_ingestion_fhv_data
AIRFLOW_CTX_TASK_ID=download_dataset_task
AIRFLOW_CTX_EXECUTION_DATE=2019-04-01T00:00:00+00:00
AIRFLOW_CTX_DAG_RUN_ID=scheduled__2019-04-01T00:00:00+00:00
[2022-01-31 17:39:45,719] {subprocess.py:62} INFO - Tmp dir root location: 
 /tmp
[2022-01-31 17:39:45,724] {subprocess.py:74} INFO - Running command: ['bash', '-c', 'curl -sS https://nyc-tlc.s3.amazonaws.com/trip+data/fhv_tripdata_2019-04.csv > /opt/***/fhv_tripdata_2019-04.csv']
[2022-01-31 17:39:45,775] {subprocess.py:85} INFO - Output:
[2022-01-31 17:42:06,986] {subprocess.py:93} INFO - Command exited with return code 0
[2022-01-31 17:42:07,095] {taskinstance.py:1277} INFO - Marking task as SUCCESS. dag_id=data_ingestion_fhv_data, task_id=download_dataset_task, execution_date=20190401T000000, start_date=20220131T173944, end_date=20220131T174207
[2022-01-31 17:42:07,220] {local_task_job.py:154} INFO - Task exited with return code 0
[2022-01-31 17:42:07,395] {local_task_job.py:264} INFO - 1 downstream tasks scheduled from follow-on schedule check
