[2022-01-31 17:45:41,624] {taskinstance.py:1032} INFO - Dependencies all met for <TaskInstance: data_ingestion_fhv_data.local_to_gcs_task scheduled__2019-05-01T00:00:00+00:00 [queued]>
[2022-01-31 17:45:41,721] {taskinstance.py:1032} INFO - Dependencies all met for <TaskInstance: data_ingestion_fhv_data.local_to_gcs_task scheduled__2019-05-01T00:00:00+00:00 [queued]>
[2022-01-31 17:45:41,724] {taskinstance.py:1238} INFO - 
--------------------------------------------------------------------------------
[2022-01-31 17:45:41,728] {taskinstance.py:1239} INFO - Starting attempt 1 of 2
[2022-01-31 17:45:41,732] {taskinstance.py:1240} INFO - 
--------------------------------------------------------------------------------
[2022-01-31 17:45:41,973] {taskinstance.py:1259} INFO - Executing <Task(PythonOperator): local_to_gcs_task> on 2019-05-01 00:00:00+00:00
[2022-01-31 17:45:42,044] {standard_task_runner.py:52} INFO - Started process 1496 to run task
[2022-01-31 17:45:42,119] {standard_task_runner.py:76} INFO - Running: ['***', 'tasks', 'run', 'data_ingestion_fhv_data', 'local_to_gcs_task', 'scheduled__2019-05-01T00:00:00+00:00', '--job-id', '302', '--raw', '--subdir', 'DAGS_FOLDER/data_ingestion_fhv_data.py', '--cfg-path', '/tmp/tmpmfuzk4r8', '--error-file', '/tmp/tmp9hy5yo7y']
[2022-01-31 17:45:42,133] {standard_task_runner.py:77} INFO - Job 302: Subtask local_to_gcs_task
[2022-01-31 17:45:42,594] {logging_mixin.py:109} INFO - Running <TaskInstance: data_ingestion_fhv_data.local_to_gcs_task scheduled__2019-05-01T00:00:00+00:00 [running]> on host 943e1344cac5
[2022-01-31 17:45:42,991] {warnings.py:110} WARNING - /home/***/.local/lib/python3.7/site-packages/***/utils/context.py:152: AirflowContextDeprecationWarning: Accessing 'execution_date' from the template is deprecated and will be removed in a future version. Please use 'data_interval_start' or 'logical_date' instead.
  warnings.warn(_create_deprecation_warning(key, self._deprecation_replacements[key]))

[2022-01-31 17:45:43,114] {taskinstance.py:1426} INFO - Exporting the following env vars:
AIRFLOW_CTX_DAG_OWNER=***
AIRFLOW_CTX_DAG_ID=data_ingestion_fhv_data
AIRFLOW_CTX_TASK_ID=local_to_gcs_task
AIRFLOW_CTX_EXECUTION_DATE=2019-05-01T00:00:00+00:00
AIRFLOW_CTX_DAG_RUN_ID=scheduled__2019-05-01T00:00:00+00:00
[2022-01-31 17:45:50,745] {python.py:175} INFO - Done. Returned value was: None
[2022-01-31 17:45:50,807] {taskinstance.py:1277} INFO - Marking task as SUCCESS. dag_id=data_ingestion_fhv_data, task_id=local_to_gcs_task, execution_date=20190501T000000, start_date=20220131T174541, end_date=20220131T174550
[2022-01-31 17:45:50,912] {local_task_job.py:154} INFO - Task exited with return code 0
[2022-01-31 17:45:51,036] {local_task_job.py:264} INFO - 1 downstream tasks scheduled from follow-on schedule check
