[2022-01-31 17:36:56,599] {taskinstance.py:1032} INFO - Dependencies all met for <TaskInstance: data_ingestion_fhv_data.remove_uploaded_file scheduled__2019-02-01T00:00:00+00:00 [queued]>
[2022-01-31 17:36:56,681] {taskinstance.py:1032} INFO - Dependencies all met for <TaskInstance: data_ingestion_fhv_data.remove_uploaded_file scheduled__2019-02-01T00:00:00+00:00 [queued]>
[2022-01-31 17:36:56,683] {taskinstance.py:1238} INFO - 
--------------------------------------------------------------------------------
[2022-01-31 17:36:56,685] {taskinstance.py:1239} INFO - Starting attempt 1 of 2
[2022-01-31 17:36:56,688] {taskinstance.py:1240} INFO - 
--------------------------------------------------------------------------------
[2022-01-31 17:36:56,757] {taskinstance.py:1259} INFO - Executing <Task(BashOperator): remove_uploaded_file> on 2019-02-01 00:00:00+00:00
[2022-01-31 17:36:56,774] {standard_task_runner.py:52} INFO - Started process 941 to run task
[2022-01-31 17:36:56,807] {standard_task_runner.py:76} INFO - Running: ['***', 'tasks', 'run', 'data_ingestion_fhv_data', 'remove_uploaded_file', 'scheduled__2019-02-01T00:00:00+00:00', '--job-id', '291', '--raw', '--subdir', 'DAGS_FOLDER/data_ingestion_fhv_data.py', '--cfg-path', '/tmp/tmp1vqj69ct', '--error-file', '/tmp/tmp2mrdc8j4']
[2022-01-31 17:36:56,812] {standard_task_runner.py:77} INFO - Job 291: Subtask remove_uploaded_file
[2022-01-31 17:36:57,305] {logging_mixin.py:109} INFO - Running <TaskInstance: data_ingestion_fhv_data.remove_uploaded_file scheduled__2019-02-01T00:00:00+00:00 [running]> on host 943e1344cac5
[2022-01-31 17:36:57,570] {warnings.py:110} WARNING - /home/***/.local/lib/python3.7/site-packages/***/utils/context.py:152: AirflowContextDeprecationWarning: Accessing 'execution_date' from the template is deprecated and will be removed in a future version. Please use 'data_interval_start' or 'logical_date' instead.
  warnings.warn(_create_deprecation_warning(key, self._deprecation_replacements[key]))

[2022-01-31 17:36:57,655] {taskinstance.py:1426} INFO - Exporting the following env vars:
AIRFLOW_CTX_DAG_OWNER=***
AIRFLOW_CTX_DAG_ID=data_ingestion_fhv_data
AIRFLOW_CTX_TASK_ID=remove_uploaded_file
AIRFLOW_CTX_EXECUTION_DATE=2019-02-01T00:00:00+00:00
AIRFLOW_CTX_DAG_RUN_ID=scheduled__2019-02-01T00:00:00+00:00
[2022-01-31 17:36:57,665] {subprocess.py:62} INFO - Tmp dir root location: 
 /tmp
[2022-01-31 17:36:57,671] {subprocess.py:74} INFO - Running command: ['bash', '-c', 'rm /opt/***/fhv_tripdata_2019-02.csv /opt/***/fhv_tripdata_2019-02.parquet']
[2022-01-31 17:36:57,731] {subprocess.py:85} INFO - Output:
[2022-01-31 17:36:58,008] {subprocess.py:93} INFO - Command exited with return code 0
[2022-01-31 17:36:58,204] {taskinstance.py:1277} INFO - Marking task as SUCCESS. dag_id=data_ingestion_fhv_data, task_id=remove_uploaded_file, execution_date=20190201T000000, start_date=20220131T173656, end_date=20220131T173658
[2022-01-31 17:36:58,376] {local_task_job.py:154} INFO - Task exited with return code 0
[2022-01-31 17:36:58,526] {local_task_job.py:264} INFO - 0 downstream tasks scheduled from follow-on schedule check
